[DEBUG] 2026-02-22 13:41:57.270 [main] IntegratorServiceImpl - Adding Integrator [org.hibernate.boot.beanvalidation.BeanValidationIntegrator].
[DEBUG] 2026-02-22 13:41:57.284 [main] IntegratorServiceImpl - Adding Integrator [org.hibernate.cache.internal.CollectionCacheInvalidator].
[INFO ] 2026-02-22 13:41:57.398 [main] Version - HHH000412: Hibernate ORM core version 6.4.3.Final
[DEBUG] 2026-02-22 13:41:57.404 [main] Environment - HHH000206: 'hibernate.properties' not found
[DEBUG] 2026-02-22 13:41:57.599 [main] LocalXmlResourceResolver - Checking public/system identifiers `-//Hibernate/Hibernate Configuration DTD//EN`/`http://www.hibernate.org/dtd/hibernate-configuration-3.0.dtd` as DTD references
[DEBUG] 2026-02-22 13:41:57.614 [main] JaxbCfgProcessor - cfg.xml document did not define namespaces; wrapping in custom event reader to introduce namespace information
[DEBUG] 2026-02-22 13:41:58.236 [main] factory - Ignoring CDI for resolving IdentifierGenerator instances as extended or delayed CDI support was enabled
[DEBUG] 2026-02-22 13:41:58.250 [main] factory - Registering IdentifierGenerator strategy [uuid2] -> [org.hibernate.id.UUIDGenerator]
[DEBUG] 2026-02-22 13:41:58.251 [main] factory - Registering IdentifierGenerator strategy [guid] -> [org.hibernate.id.GUIDGenerator]
[DEBUG] 2026-02-22 13:41:58.253 [main] factory - Registering IdentifierGenerator strategy [uuid] -> [org.hibernate.id.UUIDHexGenerator]
[DEBUG] 2026-02-22 13:41:58.254 [main] factory - Registering IdentifierGenerator strategy [uuid.hex] -> [org.hibernate.id.UUIDHexGenerator]
[DEBUG] 2026-02-22 13:41:58.254 [main] factory - Registering IdentifierGenerator strategy [assigned] -> [org.hibernate.id.Assigned]
[DEBUG] 2026-02-22 13:41:58.257 [main] factory - Registering IdentifierGenerator strategy [identity] -> [org.hibernate.id.IdentityGenerator]
[DEBUG] 2026-02-22 13:41:58.258 [main] factory - Registering IdentifierGenerator strategy [select] -> [org.hibernate.id.SelectGenerator]
[DEBUG] 2026-02-22 13:41:58.260 [main] factory - Registering IdentifierGenerator strategy [sequence] -> [org.hibernate.id.enhanced.SequenceStyleGenerator]
[DEBUG] 2026-02-22 13:41:58.261 [main] factory - Registering IdentifierGenerator strategy [increment] -> [org.hibernate.id.IncrementGenerator]
[DEBUG] 2026-02-22 13:41:58.262 [main] factory - Registering IdentifierGenerator strategy [foreign] -> [org.hibernate.id.ForeignGenerator]
[DEBUG] 2026-02-22 13:41:58.263 [main] factory - Registering IdentifierGenerator strategy [enhanced-sequence] -> [org.hibernate.id.enhanced.SequenceStyleGenerator]
[DEBUG] 2026-02-22 13:41:58.264 [main] factory - Registering IdentifierGenerator strategy [enhanced-table] -> [org.hibernate.id.enhanced.TableGenerator]
[DEBUG] 2026-02-22 13:41:58.284 [main] RegionFactoryInitiator - Cannot default RegionFactory based on registered strategies as `[]` RegionFactory strategies were registered
[INFO ] 2026-02-22 13:41:58.286 [main] RegionFactoryInitiator - HHH000026: Second-level cache disabled
[DEBUG] 2026-02-22 13:41:58.516 [main] BasicTypeRegistry - Adding type registration boolean -> org.hibernate.type.BasicTypeReference@5eccd3b9
[DEBUG] 2026-02-22 13:41:58.516 [main] BasicTypeRegistry - Adding type registration boolean -> org.hibernate.type.BasicTypeReference@5eccd3b9
[DEBUG] 2026-02-22 13:41:58.516 [main] BasicTypeRegistry - Adding type registration java.lang.Boolean -> org.hibernate.type.BasicTypeReference@5eccd3b9
[DEBUG] 2026-02-22 13:41:58.516 [main] BasicTypeRegistry - Adding type registration numeric_boolean -> org.hibernate.type.BasicTypeReference@4d6f197e
[DEBUG] 2026-02-22 13:41:58.516 [main] BasicTypeRegistry - Adding type registration org.hibernate.type.NumericBooleanConverter -> org.hibernate.type.BasicTypeReference@4d6f197e
[DEBUG] 2026-02-22 13:41:58.517 [main] BasicTypeRegistry - Adding type registration true_false -> org.hibernate.type.BasicTypeReference@6ef7623
[DEBUG] 2026-02-22 13:41:58.517 [main] BasicTypeRegistry - Adding type registration org.hibernate.type.TrueFalseConverter -> org.hibernate.type.BasicTypeReference@6ef7623
[DEBUG] 2026-02-22 13:41:58.517 [main] BasicTypeRegistry - Adding type registration yes_no -> org.hibernate.type.BasicTypeReference@64e1dd11
[DEBUG] 2026-02-22 13:41:58.517 [main] BasicTypeRegistry - Adding type registration org.hibernate.type.YesNoConverter -> org.hibernate.type.BasicTypeReference@64e1dd11
[DEBUG] 2026-02-22 13:41:58.517 [main] BasicTypeRegistry - Adding type registration byte -> org.hibernate.type.BasicTypeReference@5c089b2f
[DEBUG] 2026-02-22 13:41:58.517 [main] BasicTypeRegistry - Adding type registration byte -> org.hibernate.type.BasicTypeReference@5c089b2f
[DEBUG] 2026-02-22 13:41:58.517 [main] BasicTypeRegistry - Adding type registration java.lang.Byte -> org.hibernate.type.BasicTypeReference@5c089b2f
[DEBUG] 2026-02-22 13:41:58.517 [main] BasicTypeRegistry - Adding type registration binary -> org.hibernate.type.BasicTypeReference@6999cd39
[DEBUG] 2026-02-22 13:41:58.517 [main] BasicTypeRegistry - Adding type registration byte[] -> org.hibernate.type.BasicTypeReference@6999cd39
[DEBUG] 2026-02-22 13:41:58.518 [main] BasicTypeRegistry - Adding type registration [B -> org.hibernate.type.BasicTypeReference@6999cd39
[DEBUG] 2026-02-22 13:41:58.518 [main] BasicTypeRegistry - Adding type registration binary_wrapper -> org.hibernate.type.BasicTypeReference@14bae047
[DEBUG] 2026-02-22 13:41:58.518 [main] BasicTypeRegistry - Adding type registration wrapper-binary -> org.hibernate.type.BasicTypeReference@14bae047
[DEBUG] 2026-02-22 13:41:58.518 [main] BasicTypeRegistry - Adding type registration image -> org.hibernate.type.BasicTypeReference@7ed9ae94
[DEBUG] 2026-02-22 13:41:58.518 [main] BasicTypeRegistry - Adding type registration blob -> org.hibernate.type.BasicTypeReference@66908383
[DEBUG] 2026-02-22 13:41:58.518 [main] BasicTypeRegistry - Adding type registration java.sql.Blob -> org.hibernate.type.BasicTypeReference@66908383
[DEBUG] 2026-02-22 13:41:58.518 [main] BasicTypeRegistry - Adding type registration materialized_blob -> org.hibernate.type.BasicTypeReference@41477a6d
[DEBUG] 2026-02-22 13:41:58.518 [main] BasicTypeRegistry - Adding type registration materialized_blob_wrapper -> org.hibernate.type.BasicTypeReference@2bc12da
[DEBUG] 2026-02-22 13:41:58.518 [main] BasicTypeRegistry - Adding type registration short -> org.hibernate.type.BasicTypeReference@3122b117
[DEBUG] 2026-02-22 13:41:58.519 [main] BasicTypeRegistry - Adding type registration short -> org.hibernate.type.BasicTypeReference@3122b117
[DEBUG] 2026-02-22 13:41:58.519 [main] BasicTypeRegistry - Adding type registration java.lang.Short -> org.hibernate.type.BasicTypeReference@3122b117
[DEBUG] 2026-02-22 13:41:58.519 [main] BasicTypeRegistry - Adding type registration integer -> org.hibernate.type.BasicTypeReference@534ca02b
[DEBUG] 2026-02-22 13:41:58.519 [main] BasicTypeRegistry - Adding type registration int -> org.hibernate.type.BasicTypeReference@534ca02b
[DEBUG] 2026-02-22 13:41:58.519 [main] BasicTypeRegistry - Adding type registration java.lang.Integer -> org.hibernate.type.BasicTypeReference@534ca02b
[DEBUG] 2026-02-22 13:41:58.519 [main] BasicTypeRegistry - Adding type registration long -> org.hibernate.type.BasicTypeReference@29a23c3d
[DEBUG] 2026-02-22 13:41:58.519 [main] BasicTypeRegistry - Adding type registration long -> org.hibernate.type.BasicTypeReference@29a23c3d
[DEBUG] 2026-02-22 13:41:58.520 [main] BasicTypeRegistry - Adding type registration java.lang.Long -> org.hibernate.type.BasicTypeReference@29a23c3d
[DEBUG] 2026-02-22 13:41:58.520 [main] BasicTypeRegistry - Adding type registration float -> org.hibernate.type.BasicTypeReference@4b6ac111
[DEBUG] 2026-02-22 13:41:58.520 [main] BasicTypeRegistry - Adding type registration float -> org.hibernate.type.BasicTypeReference@4b6ac111
[DEBUG] 2026-02-22 13:41:58.520 [main] BasicTypeRegistry - Adding type registration java.lang.Float -> org.hibernate.type.BasicTypeReference@4b6ac111
[DEBUG] 2026-02-22 13:41:58.520 [main] BasicTypeRegistry - Adding type registration double -> org.hibernate.type.BasicTypeReference@6fe46b62
[DEBUG] 2026-02-22 13:41:58.520 [main] BasicTypeRegistry - Adding type registration double -> org.hibernate.type.BasicTypeReference@6fe46b62
[DEBUG] 2026-02-22 13:41:58.520 [main] BasicTypeRegistry - Adding type registration java.lang.Double -> org.hibernate.type.BasicTypeReference@6fe46b62
[DEBUG] 2026-02-22 13:41:58.520 [main] BasicTypeRegistry - Adding type registration big_integer -> org.hibernate.type.BasicTypeReference@591fd34d
[DEBUG] 2026-02-22 13:41:58.520 [main] BasicTypeRegistry - Adding type registration java.math.BigInteger -> org.hibernate.type.BasicTypeReference@591fd34d
[DEBUG] 2026-02-22 13:41:58.521 [main] BasicTypeRegistry - Adding type registration big_decimal -> org.hibernate.type.BasicTypeReference@61e45f87
[DEBUG] 2026-02-22 13:41:58.521 [main] BasicTypeRegistry - Adding type registration java.math.BigDecimal -> org.hibernate.type.BasicTypeReference@61e45f87
[DEBUG] 2026-02-22 13:41:58.521 [main] BasicTypeRegistry - Adding type registration character -> org.hibernate.type.BasicTypeReference@7c9b78e3
[DEBUG] 2026-02-22 13:41:58.521 [main] BasicTypeRegistry - Adding type registration char -> org.hibernate.type.BasicTypeReference@7c9b78e3
[DEBUG] 2026-02-22 13:41:58.521 [main] BasicTypeRegistry - Adding type registration java.lang.Character -> org.hibernate.type.BasicTypeReference@7c9b78e3
[DEBUG] 2026-02-22 13:41:58.521 [main] BasicTypeRegistry - Adding type registration character_nchar -> org.hibernate.type.BasicTypeReference@3068b369
[DEBUG] 2026-02-22 13:41:58.521 [main] BasicTypeRegistry - Adding type registration string -> org.hibernate.type.BasicTypeReference@17ca8b92
[DEBUG] 2026-02-22 13:41:58.521 [main] BasicTypeRegistry - Adding type registration java.lang.String -> org.hibernate.type.BasicTypeReference@17ca8b92
[DEBUG] 2026-02-22 13:41:58.521 [main] BasicTypeRegistry - Adding type registration nstring -> org.hibernate.type.BasicTypeReference@5491f68b
[DEBUG] 2026-02-22 13:41:58.522 [main] BasicTypeRegistry - Adding type registration characters -> org.hibernate.type.BasicTypeReference@736ac09a
[DEBUG] 2026-02-22 13:41:58.522 [main] BasicTypeRegistry - Adding type registration char[] -> org.hibernate.type.BasicTypeReference@736ac09a
[DEBUG] 2026-02-22 13:41:58.522 [main] BasicTypeRegistry - Adding type registration [C -> org.hibernate.type.BasicTypeReference@736ac09a
[DEBUG] 2026-02-22 13:41:58.522 [main] BasicTypeRegistry - Adding type registration wrapper-characters -> org.hibernate.type.BasicTypeReference@6ecd665
[DEBUG] 2026-02-22 13:41:58.522 [main] BasicTypeRegistry - Adding type registration text -> org.hibernate.type.BasicTypeReference@45394b31
[DEBUG] 2026-02-22 13:41:58.522 [main] BasicTypeRegistry - Adding type registration ntext -> org.hibernate.type.BasicTypeReference@1ec7d8b3
[DEBUG] 2026-02-22 13:41:58.522 [main] BasicTypeRegistry - Adding type registration clob -> org.hibernate.type.BasicTypeReference@3b0ca5e1
[DEBUG] 2026-02-22 13:41:58.522 [main] BasicTypeRegistry - Adding type registration java.sql.Clob -> org.hibernate.type.BasicTypeReference@3b0ca5e1
[DEBUG] 2026-02-22 13:41:58.522 [main] BasicTypeRegistry - Adding type registration nclob -> org.hibernate.type.BasicTypeReference@5bb3131b
[DEBUG] 2026-02-22 13:41:58.522 [main] BasicTypeRegistry - Adding type registration java.sql.NClob -> org.hibernate.type.BasicTypeReference@5bb3131b
[DEBUG] 2026-02-22 13:41:58.522 [main] BasicTypeRegistry - Adding type registration materialized_clob -> org.hibernate.type.BasicTypeReference@54dcbb9f
[DEBUG] 2026-02-22 13:41:58.522 [main] BasicTypeRegistry - Adding type registration materialized_clob_char_array -> org.hibernate.type.BasicTypeReference@74fef3f7
[DEBUG] 2026-02-22 13:41:58.523 [main] BasicTypeRegistry - Adding type registration materialized_clob_character_array -> org.hibernate.type.BasicTypeReference@2a037324
[DEBUG] 2026-02-22 13:41:58.523 [main] BasicTypeRegistry - Adding type registration materialized_nclob -> org.hibernate.type.BasicTypeReference@69eb86b4
[DEBUG] 2026-02-22 13:41:58.523 [main] BasicTypeRegistry - Adding type registration materialized_nclob_character_array -> org.hibernate.type.BasicTypeReference@585ac855
[DEBUG] 2026-02-22 13:41:58.523 [main] BasicTypeRegistry - Adding type registration materialized_nclob_char_array -> org.hibernate.type.BasicTypeReference@5bb8f9e2
[DEBUG] 2026-02-22 13:41:58.523 [main] BasicTypeRegistry - Adding type registration Duration -> org.hibernate.type.BasicTypeReference@6a933be2
[DEBUG] 2026-02-22 13:41:58.523 [main] BasicTypeRegistry - Adding type registration java.time.Duration -> org.hibernate.type.BasicTypeReference@6a933be2
[DEBUG] 2026-02-22 13:41:58.523 [main] BasicTypeRegistry - Adding type registration LocalDateTime -> org.hibernate.type.BasicTypeReference@5f78de22
[DEBUG] 2026-02-22 13:41:58.523 [main] BasicTypeRegistry - Adding type registration java.time.LocalDateTime -> org.hibernate.type.BasicTypeReference@5f78de22
[DEBUG] 2026-02-22 13:41:58.523 [main] BasicTypeRegistry - Adding type registration LocalDate -> org.hibernate.type.BasicTypeReference@516ebdf8
[DEBUG] 2026-02-22 13:41:58.524 [main] BasicTypeRegistry - Adding type registration java.time.LocalDate -> org.hibernate.type.BasicTypeReference@516ebdf8
[DEBUG] 2026-02-22 13:41:58.524 [main] BasicTypeRegistry - Adding type registration LocalTime -> org.hibernate.type.BasicTypeReference@4d8539de
[DEBUG] 2026-02-22 13:41:58.524 [main] BasicTypeRegistry - Adding type registration java.time.LocalTime -> org.hibernate.type.BasicTypeReference@4d8539de
[DEBUG] 2026-02-22 13:41:58.524 [main] BasicTypeRegistry - Adding type registration OffsetDateTime -> org.hibernate.type.BasicTypeReference@3eba57a7
[DEBUG] 2026-02-22 13:41:58.524 [main] BasicTypeRegistry - Adding type registration java.time.OffsetDateTime -> org.hibernate.type.BasicTypeReference@3eba57a7
[DEBUG] 2026-02-22 13:41:58.524 [main] BasicTypeRegistry - Adding type registration OffsetDateTimeWithTimezone -> org.hibernate.type.BasicTypeReference@272a179c
[DEBUG] 2026-02-22 13:41:58.524 [main] BasicTypeRegistry - Adding type registration OffsetDateTimeWithoutTimezone -> org.hibernate.type.BasicTypeReference@30feffc
[DEBUG] 2026-02-22 13:41:58.524 [main] BasicTypeRegistry - Adding type registration OffsetTime -> org.hibernate.type.BasicTypeReference@67207d8a
[DEBUG] 2026-02-22 13:41:58.524 [main] BasicTypeRegistry - Adding type registration java.time.OffsetTime -> org.hibernate.type.BasicTypeReference@67207d8a
[DEBUG] 2026-02-22 13:41:58.524 [main] BasicTypeRegistry - Adding type registration OffsetTimeUtc -> org.hibernate.type.BasicTypeReference@bcb09a6
[DEBUG] 2026-02-22 13:41:58.524 [main] BasicTypeRegistry - Adding type registration OffsetTimeWithTimezone -> org.hibernate.type.BasicTypeReference@7c2a69b4
[DEBUG] 2026-02-22 13:41:58.525 [main] BasicTypeRegistry - Adding type registration OffsetTimeWithoutTimezone -> org.hibernate.type.BasicTypeReference@a619c2
[DEBUG] 2026-02-22 13:41:58.525 [main] BasicTypeRegistry - Adding type registration ZonedDateTime -> org.hibernate.type.BasicTypeReference@648ee871
[DEBUG] 2026-02-22 13:41:58.525 [main] BasicTypeRegistry - Adding type registration java.time.ZonedDateTime -> org.hibernate.type.BasicTypeReference@648ee871
[DEBUG] 2026-02-22 13:41:58.525 [main] BasicTypeRegistry - Adding type registration ZonedDateTimeWithTimezone -> org.hibernate.type.BasicTypeReference@375b5b7f
[DEBUG] 2026-02-22 13:41:58.525 [main] BasicTypeRegistry - Adding type registration ZonedDateTimeWithoutTimezone -> org.hibernate.type.BasicTypeReference@1813f3e9
[DEBUG] 2026-02-22 13:41:58.525 [main] BasicTypeRegistry - Adding type registration date -> org.hibernate.type.BasicTypeReference@28cb9120
[DEBUG] 2026-02-22 13:41:58.525 [main] BasicTypeRegistry - Adding type registration java.sql.Date -> org.hibernate.type.BasicTypeReference@28cb9120
[DEBUG] 2026-02-22 13:41:58.525 [main] BasicTypeRegistry - Adding type registration time -> org.hibernate.type.BasicTypeReference@3b152928
[DEBUG] 2026-02-22 13:41:58.525 [main] BasicTypeRegistry - Adding type registration java.sql.Time -> org.hibernate.type.BasicTypeReference@3b152928
[DEBUG] 2026-02-22 13:41:58.525 [main] BasicTypeRegistry - Adding type registration timestamp -> org.hibernate.type.BasicTypeReference@56781d96
[DEBUG] 2026-02-22 13:41:58.526 [main] BasicTypeRegistry - Adding type registration java.sql.Timestamp -> org.hibernate.type.BasicTypeReference@56781d96
[DEBUG] 2026-02-22 13:41:58.526 [main] BasicTypeRegistry - Adding type registration java.util.Date -> org.hibernate.type.BasicTypeReference@56781d96
[DEBUG] 2026-02-22 13:41:58.526 [main] BasicTypeRegistry - Adding type registration calendar -> org.hibernate.type.BasicTypeReference@5173200b
[DEBUG] 2026-02-22 13:41:58.526 [main] BasicTypeRegistry - Adding type registration java.util.Calendar -> org.hibernate.type.BasicTypeReference@5173200b
[DEBUG] 2026-02-22 13:41:58.526 [main] BasicTypeRegistry - Adding type registration java.util.GregorianCalendar -> org.hibernate.type.BasicTypeReference@5173200b
[DEBUG] 2026-02-22 13:41:58.526 [main] BasicTypeRegistry - Adding type registration calendar_date -> org.hibernate.type.BasicTypeReference@25c5e994
[DEBUG] 2026-02-22 13:41:58.526 [main] BasicTypeRegistry - Adding type registration calendar_time -> org.hibernate.type.BasicTypeReference@378bd86d
[DEBUG] 2026-02-22 13:41:58.526 [main] BasicTypeRegistry - Adding type registration instant -> org.hibernate.type.BasicTypeReference@2189e7a7
[DEBUG] 2026-02-22 13:41:58.526 [main] BasicTypeRegistry - Adding type registration java.time.Instant -> org.hibernate.type.BasicTypeReference@2189e7a7
[DEBUG] 2026-02-22 13:41:58.526 [main] BasicTypeRegistry - Adding type registration uuid -> org.hibernate.type.BasicTypeReference@69b2f8e5
[DEBUG] 2026-02-22 13:41:58.526 [main] BasicTypeRegistry - Adding type registration java.util.UUID -> org.hibernate.type.BasicTypeReference@69b2f8e5
[DEBUG] 2026-02-22 13:41:58.527 [main] BasicTypeRegistry - Adding type registration pg-uuid -> org.hibernate.type.BasicTypeReference@69b2f8e5
[DEBUG] 2026-02-22 13:41:58.527 [main] BasicTypeRegistry - Adding type registration uuid-binary -> org.hibernate.type.BasicTypeReference@6331250e
[DEBUG] 2026-02-22 13:41:58.527 [main] BasicTypeRegistry - Adding type registration uuid-char -> org.hibernate.type.BasicTypeReference@a10c1b5
[DEBUG] 2026-02-22 13:41:58.527 [main] BasicTypeRegistry - Adding type registration class -> org.hibernate.type.BasicTypeReference@644abb8f
[DEBUG] 2026-02-22 13:41:58.527 [main] BasicTypeRegistry - Adding type registration java.lang.Class -> org.hibernate.type.BasicTypeReference@644abb8f
[DEBUG] 2026-02-22 13:41:58.527 [main] BasicTypeRegistry - Adding type registration currency -> org.hibernate.type.BasicTypeReference@1a411233
[DEBUG] 2026-02-22 13:41:58.527 [main] BasicTypeRegistry - Adding type registration Currency -> org.hibernate.type.BasicTypeReference@1a411233
[DEBUG] 2026-02-22 13:41:58.527 [main] BasicTypeRegistry - Adding type registration java.util.Currency -> org.hibernate.type.BasicTypeReference@1a411233
[DEBUG] 2026-02-22 13:41:58.527 [main] BasicTypeRegistry - Adding type registration locale -> org.hibernate.type.BasicTypeReference@70325d20
[DEBUG] 2026-02-22 13:41:58.528 [main] BasicTypeRegistry - Adding type registration java.util.Locale -> org.hibernate.type.BasicTypeReference@70325d20
[DEBUG] 2026-02-22 13:41:58.528 [main] BasicTypeRegistry - Adding type registration serializable -> org.hibernate.type.BasicTypeReference@7c2327fa
[DEBUG] 2026-02-22 13:41:58.528 [main] BasicTypeRegistry - Adding type registration java.io.Serializable -> org.hibernate.type.BasicTypeReference@7c2327fa
[DEBUG] 2026-02-22 13:41:58.528 [main] BasicTypeRegistry - Adding type registration timezone -> org.hibernate.type.BasicTypeReference@4d847d32
[DEBUG] 2026-02-22 13:41:58.528 [main] BasicTypeRegistry - Adding type registration java.util.TimeZone -> org.hibernate.type.BasicTypeReference@4d847d32
[DEBUG] 2026-02-22 13:41:58.528 [main] BasicTypeRegistry - Adding type registration ZoneOffset -> org.hibernate.type.BasicTypeReference@5f462e3b
[DEBUG] 2026-02-22 13:41:58.528 [main] BasicTypeRegistry - Adding type registration java.time.ZoneOffset -> org.hibernate.type.BasicTypeReference@5f462e3b
[DEBUG] 2026-02-22 13:41:58.528 [main] BasicTypeRegistry - Adding type registration url -> org.hibernate.type.BasicTypeReference@3d7fa3ae
[DEBUG] 2026-02-22 13:41:58.528 [main] BasicTypeRegistry - Adding type registration java.net.URL -> org.hibernate.type.BasicTypeReference@3d7fa3ae
[DEBUG] 2026-02-22 13:41:58.528 [main] BasicTypeRegistry - Adding type registration vector -> org.hibernate.type.BasicTypeReference@58065f0c
[DEBUG] 2026-02-22 13:41:58.529 [main] BasicTypeRegistry - Adding type registration row_version -> org.hibernate.type.BasicTypeReference@3605c4d3
[DEBUG] 2026-02-22 13:41:58.540 [main] BasicTypeRegistry - Adding type registration object -> org.hibernate.type.JavaObjectType@6579c3d9
[DEBUG] 2026-02-22 13:41:58.540 [main] BasicTypeRegistry - Adding type registration java.lang.Object -> org.hibernate.type.JavaObjectType@6579c3d9
[DEBUG] 2026-02-22 13:41:58.543 [main] BasicTypeRegistry - Adding type registration null -> org.hibernate.type.NullType@57bd802b
[DEBUG] 2026-02-22 13:41:58.543 [main] BasicTypeRegistry - Adding type registration imm_date -> org.hibernate.type.BasicTypeReference@5cbb84b1
[DEBUG] 2026-02-22 13:41:58.543 [main] BasicTypeRegistry - Adding type registration imm_time -> org.hibernate.type.BasicTypeReference@2c779e5
[DEBUG] 2026-02-22 13:41:58.543 [main] BasicTypeRegistry - Adding type registration imm_timestamp -> org.hibernate.type.BasicTypeReference@6a84bc2a
[DEBUG] 2026-02-22 13:41:58.543 [main] BasicTypeRegistry - Adding type registration imm_calendar -> org.hibernate.type.BasicTypeReference@5183d589
[DEBUG] 2026-02-22 13:41:58.544 [main] BasicTypeRegistry - Adding type registration imm_calendar_date -> org.hibernate.type.BasicTypeReference@511d5d04
[DEBUG] 2026-02-22 13:41:58.544 [main] BasicTypeRegistry - Adding type registration imm_calendar_time -> org.hibernate.type.BasicTypeReference@682c1e93
[DEBUG] 2026-02-22 13:41:58.544 [main] BasicTypeRegistry - Adding type registration imm_binary -> org.hibernate.type.BasicTypeReference@27068a50
[DEBUG] 2026-02-22 13:41:58.544 [main] BasicTypeRegistry - Adding type registration imm_serializable -> org.hibernate.type.BasicTypeReference@68e62ca4
[INFO ] 2026-02-22 13:41:58.623 [main] c3p0 - HHH010002: C3P0 using driver: com.mysql.cj.jdbc.Driver at URL: jdbc:mysql://localhost:3307/inventory_service_fo76
[INFO ] 2026-02-22 13:41:58.623 [main] c3p0 - HHH10001001: Connection properties: {password=****, user=root}
[INFO ] 2026-02-22 13:41:58.623 [main] c3p0 - HHH10001003: Autocommit mode: false
[INFO ] 2026-02-22 13:41:58.912 [main] c3p0 - HHH10001007: JDBC isolation level: <unknown>
[DEBUG] 2026-02-22 13:41:59.926 [main] JdbcEnvironmentInitiator - Database ->
       name : MySQL
    version : 8.4.6
      major : 8
      minor : 4
[DEBUG] 2026-02-22 13:41:59.926 [main] JdbcEnvironmentInitiator - Driver ->
       name : MySQL Connector/J
    version : mysql-connector-j-8.4.0 (Revision: 1c3f5c149e0bfe31c7fbeb24e2d260cd890972c4)
      major : 8
      minor : 4
[DEBUG] 2026-02-22 13:41:59.926 [main] JdbcEnvironmentInitiator - JDBC version : 4.2
[DEBUG] 2026-02-22 13:42:00.173 [main] dialect - HHH035001: Using dialect: org.hibernate.dialect.MySQLDialect, version: 8.4.6
[DEBUG] 2026-02-22 13:42:00.191 [main] IdentifierHelperBuilder - JDBC driver metadata reported database stores quoted identifiers in more than one case
[DEBUG] 2026-02-22 13:42:00.191 [main] IdentifierHelperBuilder - IdentifierCaseStrategy for both quoted and unquoted identifiers was set to the same strategy [LOWER]; that will likely lead to problems in schema update and validation if using quoted identifiers
[DEBUG] 2026-02-22 13:42:00.227 [main] DdlTypeRegistry - addDescriptor(12, org.hibernate.type.descriptor.sql.internal.CapacityDependentDdlType@6e1b9411) replaced previous registration(org.hibernate.type.descriptor.sql.internal.CapacityDependentDdlType@21d1b321)
[DEBUG] 2026-02-22 13:42:00.227 [main] DdlTypeRegistry - addDescriptor(-9, org.hibernate.type.descriptor.sql.internal.CapacityDependentDdlType@5ec46cdd) replaced previous registration(org.hibernate.type.descriptor.sql.internal.CapacityDependentDdlType@2324bfe7)
[DEBUG] 2026-02-22 13:42:00.227 [main] DdlTypeRegistry - addDescriptor(-3, org.hibernate.type.descriptor.sql.internal.CapacityDependentDdlType@112d1c8e) replaced previous registration(org.hibernate.type.descriptor.sql.internal.CapacityDependentDdlType@3d49fd31)
[DEBUG] 2026-02-22 13:42:00.227 [main] DdlTypeRegistry - addDescriptor(4003, org.hibernate.type.descriptor.sql.internal.DdlTypeImpl@4016ccc1) replaced previous registration(org.hibernate.type.descriptor.sql.internal.DdlTypeImpl@46cb98a3)
[DEBUG] 2026-02-22 13:42:00.227 [main] DdlTypeRegistry - addDescriptor(4001, org.hibernate.type.descriptor.sql.internal.DdlTypeImpl@3ffb3598) replaced previous registration(org.hibernate.type.descriptor.sql.internal.DdlTypeImpl@4da9f723)
[DEBUG] 2026-02-22 13:42:00.228 [main] DdlTypeRegistry - addDescriptor(4002, org.hibernate.type.descriptor.sql.internal.DdlTypeImpl@3b2f4a93) replaced previous registration(org.hibernate.type.descriptor.sql.internal.DdlTypeImpl@213bd3d5)
[DEBUG] 2026-02-22 13:42:00.228 [main] DdlTypeRegistry - addDescriptor(2004, org.hibernate.type.descriptor.sql.internal.CapacityDependentDdlType@470a659f) replaced previous registration(org.hibernate.type.descriptor.sql.internal.DdlTypeImpl@451882b2)
[DEBUG] 2026-02-22 13:42:00.228 [main] DdlTypeRegistry - addDescriptor(2005, org.hibernate.type.descriptor.sql.internal.CapacityDependentDdlType@4a23350) replaced previous registration(org.hibernate.type.descriptor.sql.internal.DdlTypeImpl@7b78ed6a)
[DEBUG] 2026-02-22 13:42:00.228 [main] DdlTypeRegistry - addDescriptor(2011, org.hibernate.type.descriptor.sql.internal.CapacityDependentDdlType@6fca5907) replaced previous registration(org.hibernate.type.descriptor.sql.internal.DdlTypeImpl@6ec65b5e)
[DEBUG] 2026-02-22 13:42:00.232 [main] JdbcTypeRegistry - addDescriptor(NCharTypeDescriptor) replaced previous registration(CharTypeDescriptor)
[DEBUG] 2026-02-22 13:42:00.232 [main] JdbcTypeRegistry - addDescriptor(NVarcharTypeDescriptor) replaced previous registration(VarcharTypeDescriptor)
[DEBUG] 2026-02-22 13:42:00.233 [main] JdbcTypeRegistry - addDescriptor(LongNVarcharTypeDescriptor) replaced previous registration(LongVarcharTypeDescriptor)
[DEBUG] 2026-02-22 13:42:00.239 [main] JdbcTypeRegistry - addDescriptor(NClobTypeDescriptor(DEFAULT)) replaced previous registration(ClobTypeDescriptor(DEFAULT))
[DEBUG] 2026-02-22 13:42:00.239 [main] JdbcTypeRegistry - addDescriptor(2005, ClobTypeDescriptor(STREAM_BINDING)) replaced previous registration(ClobTypeDescriptor(DEFAULT))
[DEBUG] 2026-02-22 13:42:00.246 [main] BasicTypeRegistry - Adding type registration null -> org.hibernate.type.NullType@10ef5fa0
[DEBUG] 2026-02-22 13:42:00.246 [main] BasicTypeRegistry - Type registration key [null] overrode previous entry : `org.hibernate.type.NullType@57bd802b`
[DEBUG] 2026-02-22 13:42:00.260 [main] BasicTypeRegistry - Adding type registration org.hibernate.type.DurationType -> basicType@1(java.time.Duration,2)
[DEBUG] 2026-02-22 13:42:00.260 [main] BasicTypeRegistry - Adding type registration Duration -> basicType@1(java.time.Duration,2)
[DEBUG] 2026-02-22 13:42:00.260 [main] BasicTypeRegistry - Adding type registration java.time.Duration -> basicType@1(java.time.Duration,2)
[DEBUG] 2026-02-22 13:42:00.267 [main] BasicTypeRegistry - Adding type registration org.hibernate.type.OffsetDateTimeType -> basicType@2(java.time.OffsetDateTime,3003)
[DEBUG] 2026-02-22 13:42:00.267 [main] BasicTypeRegistry - Adding type registration OffsetDateTime -> basicType@2(java.time.OffsetDateTime,3003)
[DEBUG] 2026-02-22 13:42:00.267 [main] BasicTypeRegistry - Adding type registration java.time.OffsetDateTime -> basicType@2(java.time.OffsetDateTime,3003)
[DEBUG] 2026-02-22 13:42:00.268 [main] BasicTypeRegistry - Adding type registration org.hibernate.type.ZonedDateTimeType -> basicType@3(java.time.ZonedDateTime,3003)
[DEBUG] 2026-02-22 13:42:00.268 [main] BasicTypeRegistry - Adding type registration ZonedDateTime -> basicType@3(java.time.ZonedDateTime,3003)
[DEBUG] 2026-02-22 13:42:00.268 [main] BasicTypeRegistry - Adding type registration java.time.ZonedDateTime -> basicType@3(java.time.ZonedDateTime,3003)
[DEBUG] 2026-02-22 13:42:00.269 [main] BasicTypeRegistry - Adding type registration org.hibernate.type.OffsetTimeType -> basicType@4(java.time.OffsetTime,3007)
[DEBUG] 2026-02-22 13:42:00.269 [main] BasicTypeRegistry - Adding type registration OffsetTime -> basicType@4(java.time.OffsetTime,3007)
[DEBUG] 2026-02-22 13:42:00.269 [main] BasicTypeRegistry - Adding type registration java.time.OffsetTime -> basicType@4(java.time.OffsetTime,3007)
[DEBUG] 2026-02-22 13:42:00.272 [main] TypeConfiguration$Scope - Scoping TypeConfiguration [org.hibernate.type.spi.TypeConfiguration@71d8cfe7] to MetadataBuildingContext [org.hibernate.boot.internal.MetadataBuildingContextRootImpl@1e530163]
[DEBUG] 2026-02-22 13:42:00.371 [main] Namespace - Created database namespace [logicalName=Name{catalog=null, schema=null}, physicalName=Name{catalog=null, schema=null}]
[DEBUG] 2026-02-22 13:42:00.439 [main] EntityBinder - Binding entity from annotated class: edu.matc.inventory.entity.ArmorType
[DEBUG] 2026-02-22 13:42:00.470 [main] EntityBinder - Import with entity name ArmorType
[DEBUG] 2026-02-22 13:42:00.484 [main] EntityBinder - Bind entity edu.matc.inventory.entity.ArmorType on table armor_type
[DEBUG] 2026-02-22 13:42:00.508 [main] AnnotatedColumn - Binding column: AnnotatedDiscriminatorColumn(column='DTYPE')
[DEBUG] 2026-02-22 13:42:00.542 [main] AnnotatedColumn - Binding column: AnnotatedColumn(column='armor_type_id')
[DEBUG] 2026-02-22 13:42:00.547 [main] ClassLoaderAccessImpl - Not known whether passed class name [edu.matc.inventory.entity.ArmorType] is safe
[DEBUG] 2026-02-22 13:42:00.547 [main] ClassLoaderAccessImpl - No temp ClassLoader provided; using live ClassLoader for loading potentially unsafe class : edu.matc.inventory.entity.ArmorType
[DEBUG] 2026-02-22 13:42:00.554 [main] PropertyBinder - MetadataSourceProcessor property id with lazy=false
[DEBUG] 2026-02-22 13:42:00.564 [main] AbstractPropertyHolder - Attempting to locate auto-apply AttributeConverter for property [edu.matc.inventory.entity.ArmorType:id]
[DEBUG] 2026-02-22 13:42:00.574 [main] BasicValueBinder - building BasicValue for id
[DEBUG] 2026-02-22 13:42:00.583 [main] BasicValue - Skipping column re-registration: armor_type.armor_type_id
[DEBUG] 2026-02-22 13:42:00.584 [main] PropertyBinder - Building property id
[DEBUG] 2026-02-22 13:42:00.592 [main] BinderHelper - #makeIdGenerator(BasicValue([Column(armor_type_id)]), id, identity, , ...)
[DEBUG] 2026-02-22 13:42:00.597 [main] AnnotatedColumn - Binding column: AnnotatedColumn(column='type_name')
[DEBUG] 2026-02-22 13:42:00.597 [main] PropertyBinder - MetadataSourceProcessor property typeName with lazy=false
[DEBUG] 2026-02-22 13:42:00.597 [main] AbstractPropertyHolder - Attempting to locate auto-apply AttributeConverter for property [edu.matc.inventory.entity.ArmorType:typeName]
[DEBUG] 2026-02-22 13:42:00.597 [main] BasicValueBinder - building BasicValue for typeName
[DEBUG] 2026-02-22 13:42:00.597 [main] BasicValue - Skipping column re-registration: armor_type.type_name
[DEBUG] 2026-02-22 13:42:00.598 [main] PropertyBinder - Building property typeName
[DEBUG] 2026-02-22 13:42:00.601 [main] ClassLoaderServiceImpl - HHH000194: Package not found or wo package-info.java: edu.matc.inventory.entity
[DEBUG] 2026-02-22 13:42:00.617 [main] BasicValueBinder - Starting `BasicValueBinder#fillSimpleValue` for id
[DEBUG] 2026-02-22 13:42:00.617 [main] BasicValueBinder - Starting `BasicValueBinder#fillSimpleValue` for typeName
[DEBUG] 2026-02-22 13:42:00.626 [main] PrimaryKey - Forcing column [armor_type_id] to be non-null as it is part of the primary key for table [armor_type]
[DEBUG] 2026-02-22 13:42:01.117 [main] SessionFactoryImpl - Building session factory
[DEBUG] 2026-02-22 13:42:01.240 [main] SessionFactoryServiceRegistryImpl - EventListenerRegistry access via ServiceRegistry is deprecated.  Use `sessionFactory.getEventEngine().getListenerRegistry()` instead
[DEBUG] 2026-02-22 13:42:01.240 [main] SessionFactoryImpl - Instantiating SessionFactory with settings: {sun.desktop=windows, awt.toolkit=sun.awt.windows.WToolkit, java.specification.version=11, sun.cpu.isalist=amd64, hibernate.c3p0.idle_test_period=3000, sun.jnu.encoding=Cp1252, hibernate.c3p0.min_size=5, java.class.path=C:\Program Files\JetBrains\IntelliJ IDEA 2025.2.1\lib\idea_rt.jar;C:\Program Files\JetBrains\IntelliJ IDEA 2025.2.1\plugins\junit\lib\junit6-rt.jar;C:\Program Files\JetBrains\IntelliJ IDEA 2025.2.1\plugins\junit\lib\junit5-rt.jar;C:\Program Files\JetBrains\IntelliJ IDEA 2025.2.1\plugins\junit\lib\junit-rt.jar;C:\Users\Dan\IdeaProjects\InventoryServiceFo76\target\test-classes;C:\Users\Dan\IdeaProjects\InventoryServiceFo76\target\classes;C:\Users\Dan\.m2\repository\org\hibernate\orm\hibernate-core\6.4.3.Final\hibernate-core-6.4.3.Final.jar;C:\Users\Dan\.m2\repository\jakarta\persistence\jakarta.persistence-api\3.1.0\jakarta.persistence-api-3.1.0.jar;C:\Users\Dan\.m2\repository\jakarta\transaction\jakarta.transaction-api\2.0.1\jakarta.transaction-api-2.0.1.jar;C:\Users\Dan\.m2\repository\org\jboss\logging\jboss-logging\3.5.0.Final\jboss-logging-3.5.0.Final.jar;C:\Users\Dan\.m2\repository\org\hibernate\common\hibernate-commons-annotations\6.0.6.Final\hibernate-commons-annotations-6.0.6.Final.jar;C:\Users\Dan\.m2\repository\io\smallrye\jandex\3.1.2\jandex-3.1.2.jar;C:\Users\Dan\.m2\repository\com\fasterxml\classmate\1.5.1\classmate-1.5.1.jar;C:\Users\Dan\.m2\repository\net\bytebuddy\byte-buddy\1.14.7\byte-buddy-1.14.7.jar;C:\Users\Dan\.m2\repository\jakarta\xml\bind\jakarta.xml.bind-api\4.0.0\jakarta.xml.bind-api-4.0.0.jar;C:\Users\Dan\.m2\repository\jakarta\activation\jakarta.activation-api\2.1.0\jakarta.activation-api-2.1.0.jar;C:\Users\Dan\.m2\repository\org\glassfish\jaxb\jaxb-runtime\4.0.2\jaxb-runtime-4.0.2.jar;C:\Users\Dan\.m2\repository\org\glassfish\jaxb\jaxb-core\4.0.2\jaxb-core-4.0.2.jar;C:\Users\Dan\.m2\repository\org\eclipse\angus\angus-activation\2.0.0\angus-activation-2.0.0.jar;C:\Users\Dan\.m2\repository\org\glassfish\jaxb\txw2\4.0.2\txw2-4.0.2.jar;C:\Users\Dan\.m2\repository\com\sun\istack\istack-commons-runtime\4.1.1\istack-commons-runtime-4.1.1.jar;C:\Users\Dan\.m2\repository\jakarta\inject\jakarta.inject-api\2.0.1\jakarta.inject-api-2.0.1.jar;C:\Users\Dan\.m2\repository\org\antlr\antlr4-runtime\4.13.0\antlr4-runtime-4.13.0.jar;C:\Users\Dan\.m2\repository\org\hibernate\orm\hibernate-c3p0\6.4.3.Final\hibernate-c3p0-6.4.3.Final.jar;C:\Users\Dan\.m2\repository\com\mchange\c3p0\0.9.5.5\c3p0-0.9.5.5.jar;C:\Users\Dan\.m2\repository\com\mchange\mchange-commons-java\0.2.19\mchange-commons-java-0.2.19.jar;C:\Users\Dan\.m2\repository\com\mysql\mysql-connector-j\8.4.0\mysql-connector-j-8.4.0.jar;C:\Users\Dan\.m2\repository\com\google\protobuf\protobuf-java\3.25.1\protobuf-java-3.25.1.jar;C:\Users\Dan\.m2\repository\javax\javaee-web-api\7.0\javaee-web-api-7.0.jar;C:\Users\Dan\.m2\repository\javax\servlet\jstl\1.2\jstl-1.2.jar;C:\Users\Dan\.m2\repository\org\apache\logging\log4j\log4j-api\2.25.1\log4j-api-2.25.1.jar;C:\Users\Dan\.m2\repository\org\apache\logging\log4j\log4j-core\2.25.1\log4j-core-2.25.1.jar;C:\Users\Dan\.m2\repository\junit\junit\4.12\junit-4.12.jar;C:\Users\Dan\.m2\repository\org\hamcrest\hamcrest-core\1.3\hamcrest-core-1.3.jar;C:\Users\Dan\.m2\repository\org\junit\platform\junit-platform-runner\1.0.0\junit-platform-runner-1.0.0.jar;C:\Users\Dan\.m2\repository\org\apiguardian\apiguardian-api\1.0.0\apiguardian-api-1.0.0.jar;C:\Users\Dan\.m2\repository\org\junit\platform\junit-platform-launcher\1.0.0\junit-platform-launcher-1.0.0.jar;C:\Users\Dan\.m2\repository\org\junit\platform\junit-platform-suite-api\1.0.0\junit-platform-suite-api-1.0.0.jar;C:\Users\Dan\.m2\repository\org\junit\platform\junit-platform-commons\1.0.0\junit-platform-commons-1.0.0.jar;C:\Users\Dan\.m2\repository\org\junit\vintage\junit-vintage-engine\4.12.0\junit-vintage-engine-4.12.0.jar;C:\Users\Dan\.m2\repository\org\junit\platform\junit-platform-engine\1.0.0\junit-platform-engine-1.0.0.jar;C:\Users\Dan\.m2\repository\org\opentest4j\opentest4j\1.0.0\opentest4j-1.0.0.jar;C:\Users\Dan\.m2\repository\org\junit\jupiter\junit-jupiter-engine\5.0.0\junit-jupiter-engine-5.0.0.jar;C:\Users\Dan\.m2\repository\org\junit\jupiter\junit-jupiter-api\5.0.0\junit-jupiter-api-5.0.0.jar, kotlinx.coroutines.debug.enable.mutable.state.flows.stack.trace=true, java.vm.vendor=Eclipse Adoptium, sun.arch.data.model=64, idea.test.cyclic.buffer.size=1048576, user.variant=, java.vendor.url=https://adoptium.net/, user.timezone=America/Chicago, os.name=Windows 10, java.vm.specification.version=11, sun.java.launcher=SUN_STANDARD, user.country=US, sun.boot.library.path=C:\Program Files\Eclipse Adoptium\jdk-11.0.21.9-hotspot\bin, sun.java.command=com.intellij.rt.junit.JUnitStarter -ideVersion5 -junit5 edu.matc.inventory.entity.ArmorTypeTest,insertAndGetByIdSuccess, jdk.debug=release, sun.cpu.endian=little, user.home=C:\Users\Dan, hibernate.c3p0.max_statements=50, user.language=en, java.specification.vendor=Oracle Corporation, java.version.date=2023-10-17, java.home=C:\Program Files\Eclipse Adoptium\jdk-11.0.21.9-hotspot, file.separator=\, java.vm.compressedOopsMode=32-bit, line.separator=
, hibernate.c3p0.timeout=300, java.specification.name=Java Platform API Specification, java.vm.specification.vendor=Oracle Corporation, intellij.debug.agent=true, java.awt.graphicsenv=sun.awt.Win32GraphicsEnvironment, user.script=, connection.password=student, sun.management.compiler=HotSpot 64-Bit Tiered Compilers, hibernate.c3p0.max_size=20, java.runtime.version=11.0.21+9, user.name=Dan, path.separator=;, kotlinx.coroutines.debug.enable.creation.stack.trace=false, hibernate.connection.username=****, os.version=10.0, java.runtime.name=OpenJDK Runtime Environment, hibernate.connection.url=jdbc:mysql://localhost:3307/inventory_service_fo76, file.encoding=UTF-8, java.vm.name=OpenJDK 64-Bit Server VM, java.vendor.version=Temurin-11.0.21+9, hibernate.connection.driver_class=com.mysql.cj.jdbc.Driver, java.vendor.url.bug=https://github.com/adoptium/adoptium-support/issues, java.io.tmpdir=C:\Users\Dan\AppData\Local\Temp\, java.version=11.0.21, jboss.modules.system.pkgs=com.intellij.rt, user.dir=C:\Users\Dan\IdeaProjects\InventoryServiceFo76, os.arch=amd64, connection.username=root, java.vm.specification.name=Java Virtual Machine Specification, java.awt.printerjob=sun.awt.windows.WPrinterJob, hibernate.connection.password=****, sun.os.patch.level=, connection.driver_class=com.mysql.cj.jdbc.Driver, hibernate.boot.CfgXmlAccessService.key=org.hibernate.boot.cfgxml.spi.LoadedConfig@2c9a6717, kotlinx.coroutines.debug.enable.flows.stack.trace=true, java.library.path=C:\Program Files\Eclipse Adoptium\jdk-11.0.21.9-hotspot\bin;C:\WINDOWS\Sun\Java\bin;C:\WINDOWS\system32;C:\WINDOWS;C:\Program Files\Common Files\Oracle\Java\javapath;C:\Program Files (x86)\Common Files\Oracle\Java\java8path;C:\Program Files (x86)\Common Files\Oracle\Java\javapath;C:\Python312\Scripts\;C:\Python312\;C:\Program Files\Eclipse Adoptium\jdk-11.0.21.9-hotspot\bin;C:\ProgramData\Oracle\Java\javapath;C:\Program Files (x86)\Common Files\Microsoft Shared\Windows Live;C:\WINDOWS\system32;C:\WINDOWS;C:\WINDOWS\System32\Wbem;C:\WINDOWS\System32\WindowsPowerShell\v1.0\;C:\Program Files (x86)\GtkSharp\2.12\bin;C:\WINDOWS\System32\OpenSSH\;C:\Program Files\NVIDIA Corporation\NVIDIA NvDLISR;C:\Program Files (x86)\NVIDIA Corporation\PhysX\Common;C:\WINDOWS\system32;C:\WINDOWS;C:\WINDOWS\System32\Wbem;C:\WINDOWS\System32\WindowsPowerShell\v1.0\;C:\WINDOWS\System32\OpenSSH\;C:\Program Files\dotnet\;C:\ProgramData\chocolatey\bin;C:\Program Files\nodejs\;C:\Program Files\Amazon\AWSCLIV2\;C:\mysql-8.4\bin;C:\Program Files\MySQL\MySQL Server 8.0\bin;C:\Program Files\Git\cmd;C:\Program Files\MySQL\MySQL Shell 8.0\bin\;C:\Program Files\Java\jdk1.8.0_161\bin;C:\Users\Dan\AppData\Local\Microsoft\WindowsApps;C:\Users\Dan\AppData\Local\Programs\Microsoft VS Code\bin;C:\Users\Dan\AppData\Roaming\npm;C:\Users\Dan\AppData\Local\GitHubDesktop\bin;., java.vendor=Eclipse Adoptium, java.vm.info=mixed mode, java.vm.version=11.0.21+9, java.specification.maintenance.version=2, debugger.async.stack.trace.for.all.threads=true, java.rmi.server.randomIDs=true, sun.io.unicode.encoding=UnicodeLittle, connection.url=jdbc:mysql://localhost:3307/inventory_service_fo76, debugger.agent.enable.coroutines=true, java.class.version=55.0}
[DEBUG] 2026-02-22 13:42:01.252 [main] SessionFactoryImpl - Session factory constructed with filter configurations : {}
[DEBUG] 2026-02-22 13:42:01.270 [main] SchemaManagementToolCoordinator - No schema actions specified for contributor `orm`; doing nothing
[DEBUG] 2026-02-22 13:42:01.370 [main] SqmFunctionRegistry - Registered SqmFunctionTemplate [NamedSqmFunctionTemplate(max)] under max; prior registration was null
[DEBUG] 2026-02-22 13:42:01.370 [main] SqmFunctionRegistry - Registered SqmFunctionTemplate [NamedSqmFunctionTemplate(min)] under min; prior registration was null
[DEBUG] 2026-02-22 13:42:01.371 [main] SqmFunctionRegistry - Registered SqmFunctionTemplate [NamedSqmFunctionTemplate(sum)] under sum; prior registration was null
[DEBUG] 2026-02-22 13:42:01.373 [main] SqmFunctionRegistry - Registered SqmFunctionTemplate [NamedSqmFunctionTemplate(avg)] under avg; prior registration was null
[DEBUG] 2026-02-22 13:42:01.375 [main] SqmFunctionRegistry - Registered SqmFunctionTemplate [org.hibernate.dialect.function.CountFunction@2d74c81b] under count; prior registration was null
[DEBUG] 2026-02-22 13:42:01.377 [main] SqmFunctionRegistry - Registered SqmFunctionTemplate [org.hibernate.dialect.function.EveryAnyEmulation@a9c5b75] under every; prior registration was null
[DEBUG] 2026-02-22 13:42:01.377 [main] SqmFunctionRegistry - Registered SqmFunctionTemplate [org.hibernate.dialect.function.EveryAnyEmulation@dd4aec3] under any; prior registration was null
[DEBUG] 2026-02-22 13:42:01.378 [main] SqmFunctionRegistry - Registered SqmFunctionTemplate [NamedSqmFunctionTemplate(floor)] under floor; prior registration was null
[DEBUG] 2026-02-22 13:42:01.378 [main] SqmFunctionRegistry - Registered SqmFunctionTemplate [NamedSqmFunctionTemplate(ceiling)] under ceiling; prior registration was null
[DEBUG] 2026-02-22 13:42:01.379 [main] SqmFunctionRegistry - Registered SqmFunctionTemplate [NamedSqmFunctionTemplate(mod)] under mod; prior registration was null
[DEBUG] 2026-02-22 13:42:01.379 [main] SqmFunctionRegistry - Registered SqmFunctionTemplate [NamedSqmFunctionTemplate(abs)] under abs; prior registration was null
[DEBUG] 2026-02-22 13:42:01.379 [main] SqmFunctionRegistry - Registered SqmFunctionTemplate [NamedSqmFunctionTemplate(sign)] under sign; prior registration was null
[DEBUG] 2026-02-22 13:42:01.379 [main] SqmFunctionRegistry - Registered SqmFunctionTemplate [NamedSqmFunctionTemplate(sqrt)] under sqrt; prior registration was null
[DEBUG] 2026-02-22 13:42:01.379 [main] SqmFunctionRegistry - Registered SqmFunctionTemplate [NamedSqmFunctionTemplate(ln)] under ln; prior registration was null
[DEBUG] 2026-02-22 13:42:01.379 [main] SqmFunctionRegistry - Registered SqmFunctionTemplate [NamedSqmFunctionTemplate(exp)] under exp; prior registration was null
[DEBUG] 2026-02-22 13:42:01.379 [main] SqmFunctionRegistry - Registered SqmFunctionTemplate [NamedSqmFunctionTemplate(power)] under power; prior registration was null
[DEBUG] 2026-02-22 13:42:01.380 [main] SqmFunctionRegistry - Registered SqmFunctionTemplate [NamedSqmFunctionTemplate(round)] under round; prior registration was null
[DEBUG] 2026-02-22 13:42:01.380 [main] SqmFunctionRegistry - Registered SqmFunctionTemplate [NamedSqmFunctionTemplate(sin)] under sin; prior registration was null
[DEBUG] 2026-02-22 13:42:01.380 [main] SqmFunctionRegistry - Registered SqmFunctionTemplate [NamedSqmFunctionTemplate(cos)] under cos; prior registration was null
[DEBUG] 2026-02-22 13:42:01.380 [main] SqmFunctionRegistry - Registered SqmFunctionTemplate [NamedSqmFunctionTemplate(tan)] under tan; prior registration was null
[DEBUG] 2026-02-22 13:42:01.380 [main] SqmFunctionRegistry - Registered SqmFunctionTemplate [NamedSqmFunctionTemplate(asin)] under asin; prior registration was null
[DEBUG] 2026-02-22 13:42:01.380 [main] SqmFunctionRegistry - Registered SqmFunctionTemplate [NamedSqmFunctionTemplate(acos)] under acos; prior registration was null
[DEBUG] 2026-02-22 13:42:01.381 [main] SqmFunctionRegistry - Registered SqmFunctionTemplate [NamedSqmFunctionTemplate(atan)] under atan; prior registration was null
[DEBUG] 2026-02-22 13:42:01.381 [main] SqmFunctionRegistry - Registered SqmFunctionTemplate [NamedSqmFunctionTemplate(atan2)] under atan2; prior registration was null
[DEBUG] 2026-02-22 13:42:01.384 [main] SqmFunctionRegistry - Registered SqmFunctionTemplate [org.hibernate.query.sqm.function.PatternBasedSqmFunctionDescriptor@642a16aa] under sinh; prior registration was null
[DEBUG] 2026-02-22 13:42:01.385 [main] SqmFunctionRegistry - Registered SqmFunctionTemplate [org.hibernate.query.sqm.function.PatternBasedSqmFunctionDescriptor@642ee49c] under cosh; prior registration was null
[DEBUG] 2026-02-22 13:42:01.385 [main] SqmFunctionRegistry - Registered SqmFunctionTemplate [org.hibernate.query.sqm.function.PatternBasedSqmFunctionDescriptor@294aba23] under tanh; prior registration was null
[DEBUG] 2026-02-22 13:42:01.385 [main] SqmFunctionRegistry - Registered SqmFunctionTemplate [org.hibernate.query.sqm.function.PatternBasedSqmFunctionDescriptor@69909c14] under pi; prior registration was null
[DEBUG] 2026-02-22 13:42:01.385 [main] SqmFunctionRegistry - Registered SqmFunctionTemplate [org.hibernate.query.sqm.function.PatternBasedSqmFunctionDescriptor@5d3b58ca] under log; prior registration was null
[DEBUG] 2026-02-22 13:42:01.386 [main] SqmFunctionRegistry - Registered SqmFunctionTemplate [NamedSqmFunctionTemplate(coalesce)] under coalesce; prior registration was null
[DEBUG] 2026-02-22 13:42:01.386 [main] SqmFunctionRegistry - Registered SqmFunctionTemplate [NamedSqmFunctionTemplate(nullif)] under nullif; prior registration was null
[DEBUG] 2026-02-22 13:42:01.386 [main] SqmFunctionRegistry - Registered SqmFunctionTemplate [NamedSqmFunctionTemplate(left)] under left; prior registration was null
[DEBUG] 2026-02-22 13:42:01.386 [main] SqmFunctionRegistry - Registered SqmFunctionTemplate [NamedSqmFunctionTemplate(right)] under right; prior registration was null
[DEBUG] 2026-02-22 13:42:01.386 [main] SqmFunctionRegistry - Registered SqmFunctionTemplate [NamedSqmFunctionTemplate(replace)] under replace; prior registration was null
[DEBUG] 2026-02-22 13:42:01.387 [main] SqmFunctionRegistry - Registered SqmFunctionTemplate [NamedSqmFunctionTemplate(concat)] under concat; prior registration was null
[DEBUG] 2026-02-22 13:42:01.387 [main] SqmFunctionRegistry - Registered SqmFunctionTemplate [NamedSqmFunctionTemplate(lower)] under lower; prior registration was null
[DEBUG] 2026-02-22 13:42:01.387 [main] SqmFunctionRegistry - Registered SqmFunctionTemplate [NamedSqmFunctionTemplate(upper)] under upper; prior registration was null
[DEBUG] 2026-02-22 13:42:01.387 [main] SqmFunctionRegistry - Registered SqmFunctionTemplate [NamedSqmFunctionTemplate(substring)] under substring; prior registration was null
[DEBUG] 2026-02-22 13:42:01.388 [main] SqmFunctionRegistry - Registered SqmFunctionTemplate [NamedSqmFunctionTemplate(locate)] under locate; prior registration was null
[DEBUG] 2026-02-22 13:42:01.388 [main] SqmFunctionRegistry - Registered SqmFunctionTemplate [NamedSqmFunctionTemplate(character_length)] under character_length; prior registration was null
[DEBUG] 2026-02-22 13:42:01.388 [main] SqmFunctionRegistry - Registering alternate key : length -> character_length
[DEBUG] 2026-02-22 13:42:01.389 [main] SqmFunctionRegistry - Registered SqmFunctionTemplate [org.hibernate.dialect.function.LocatePositionEmulation@5ad1904f] under position; prior registration was null
[DEBUG] 2026-02-22 13:42:01.393 [main] SqmFunctionRegistry - Registered SqmFunctionTemplate [org.hibernate.dialect.function.InsertSubstringOverlayEmulation@f2a1813] under overlay; prior registration was null
[DEBUG] 2026-02-22 13:42:01.393 [main] SqmFunctionRegistry - Registered SqmFunctionTemplate [org.hibernate.dialect.function.TrimFunction@388623ad] under trim; prior registration was null
[DEBUG] 2026-02-22 13:42:01.395 [main] SqmFunctionRegistry - Registered SqmFunctionTemplate [org.hibernate.dialect.function.CastFunction@3cd26422] under cast; prior registration was null
[DEBUG] 2026-02-22 13:42:01.395 [main] SqmFunctionRegistry - Registered SqmFunctionTemplate [org.hibernate.query.sqm.function.PatternBasedSqmFunctionDescriptor@2eda072] under collate; prior registration was null
[DEBUG] 2026-02-22 13:42:01.397 [main] SqmFunctionRegistry - Registered SqmFunctionTemplate [org.hibernate.dialect.function.ExtractFunction@1b01a0d] under extract; prior registration was null
[DEBUG] 2026-02-22 13:42:01.397 [main] SqmFunctionRegistry - Registered SqmFunctionTemplate [NamedSqmFunctionTemplate(least)] under least; prior registration was null
[DEBUG] 2026-02-22 13:42:01.397 [main] SqmFunctionRegistry - Registered SqmFunctionTemplate [NamedSqmFunctionTemplate(greatest)] under greatest; prior registration was null
[DEBUG] 2026-02-22 13:42:01.397 [main] SqmFunctionRegistry - Registered SqmFunctionTemplate [org.hibernate.dialect.function.CoalesceIfnullEmulation@64da6cbd] under ifnull; prior registration was null
[DEBUG] 2026-02-22 13:42:01.398 [main] SqmFunctionRegistry - Registered SqmFunctionTemplate [NamedSqmFunctionTemplate(lpad)] under lpad; prior registration was null
[DEBUG] 2026-02-22 13:42:01.398 [main] SqmFunctionRegistry - Registered SqmFunctionTemplate [NamedSqmFunctionTemplate(rpad)] under rpad; prior registration was null
[DEBUG] 2026-02-22 13:42:01.398 [main] SqmFunctionRegistry - Registered SqmFunctionTemplate [org.hibernate.dialect.function.LpadRpadPadEmulation@4ed9f7b1] under pad; prior registration was null
[DEBUG] 2026-02-22 13:42:01.399 [main] SqmFunctionRegistry - Registered SqmFunctionTemplate [org.hibernate.dialect.function.CastStrEmulation@21bd128b] under str; prior registration was null
[DEBUG] 2026-02-22 13:42:01.401 [main] SqmFunctionRegistry - Registered SqmFunctionTemplate [org.hibernate.dialect.function.FormatFunction@580fd26b] under format; prior registration was null
[DEBUG] 2026-02-22 13:42:01.402 [main] SqmFunctionRegistry - Registered SqmFunctionTemplate [org.hibernate.dialect.function.TimestampaddFunction@5c887052] under timestampadd; prior registration was null
[DEBUG] 2026-02-22 13:42:01.404 [main] SqmFunctionRegistry - Registered SqmFunctionTemplate [org.hibernate.dialect.function.TimestampdiffFunction@40113163] under timestampdiff; prior registration was null
[DEBUG] 2026-02-22 13:42:01.404 [main] SqmFunctionRegistry - Registering alternate key : dateadd -> timestampadd
[DEBUG] 2026-02-22 13:42:01.404 [main] SqmFunctionRegistry - Registering alternate key : datediff -> timestampdiff
[DEBUG] 2026-02-22 13:42:01.405 [main] SqmFunctionRegistry - Registered SqmFunctionTemplate [org.hibernate.dialect.function.CurrentFunction@62c72501] under current_date; prior registration was null
[DEBUG] 2026-02-22 13:42:01.405 [main] SqmFunctionRegistry - Registered SqmFunctionTemplate [org.hibernate.dialect.function.CurrentFunction@c889805] under current_time; prior registration was null
[DEBUG] 2026-02-22 13:42:01.405 [main] SqmFunctionRegistry - Registered SqmFunctionTemplate [org.hibernate.dialect.function.CurrentFunction@77db3d02] under current_timestamp; prior registration was null
[DEBUG] 2026-02-22 13:42:01.405 [main] SqmFunctionRegistry - Registering alternate key : current date -> current_date
[DEBUG] 2026-02-22 13:42:01.405 [main] SqmFunctionRegistry - Registering alternate key : current time -> current_time
[DEBUG] 2026-02-22 13:42:01.405 [main] SqmFunctionRegistry - Registering alternate key : current timestamp -> current_timestamp
[DEBUG] 2026-02-22 13:42:01.405 [main] SqmFunctionRegistry - Registered SqmFunctionTemplate [org.hibernate.dialect.function.CurrentFunction@78d9f51b] under local_date; prior registration was null
[DEBUG] 2026-02-22 13:42:01.405 [main] SqmFunctionRegistry - Registered SqmFunctionTemplate [org.hibernate.dialect.function.CurrentFunction@23ed382c] under local_time; prior registration was null
[DEBUG] 2026-02-22 13:42:01.405 [main] SqmFunctionRegistry - Registered SqmFunctionTemplate [org.hibernate.dialect.function.CurrentFunction@6bedd4e4] under local_datetime; prior registration was null
[DEBUG] 2026-02-22 13:42:01.405 [main] SqmFunctionRegistry - Registered SqmFunctionTemplate [org.hibernate.dialect.function.CurrentFunction@4570d7b6] under offset_datetime; prior registration was null
[DEBUG] 2026-02-22 13:42:01.405 [main] SqmFunctionRegistry - Registering alternate key : local date -> local_date
[DEBUG] 2026-02-22 13:42:01.405 [main] SqmFunctionRegistry - Registering alternate key : local time -> local_time
[DEBUG] 2026-02-22 13:42:01.405 [main] SqmFunctionRegistry - Registering alternate key : local datetime -> local_datetime
[DEBUG] 2026-02-22 13:42:01.406 [main] SqmFunctionRegistry - Registering alternate key : offset datetime -> offset_datetime
[DEBUG] 2026-02-22 13:42:01.406 [main] SqmFunctionRegistry - Registered SqmFunctionTemplate [org.hibernate.dialect.function.CurrentFunction@72b6832e] under instant; prior registration was null
[DEBUG] 2026-02-22 13:42:01.406 [main] SqmFunctionRegistry - Registering alternate key : current_instant -> instant
[DEBUG] 2026-02-22 13:42:01.406 [main] SqmFunctionRegistry - Registered SqmFunctionTemplate [org.hibernate.dialect.function.SqlFunction@3878be7b] under sql; prior registration was null
[DEBUG] 2026-02-22 13:42:01.407 [main] SqmFunctionRegistry - Registered SqmFunctionTemplate [NamedSqmFunctionTemplate(soundex)] under soundex; prior registration was null
[DEBUG] 2026-02-22 13:42:01.407 [main] SqmFunctionRegistry - Registered SqmFunctionTemplate [NamedSqmFunctionTemplate(radians)] under radians; prior registration was null
[DEBUG] 2026-02-22 13:42:01.407 [main] SqmFunctionRegistry - Registered SqmFunctionTemplate [NamedSqmFunctionTemplate(degrees)] under degrees; prior registration was null
[DEBUG] 2026-02-22 13:42:01.407 [main] SqmFunctionRegistry - Registered SqmFunctionTemplate [NamedSqmFunctionTemplate(cot)] under cot; prior registration was null
[DEBUG] 2026-02-22 13:42:01.407 [main] SqmFunctionRegistry - Registered SqmFunctionTemplate [NamedSqmFunctionTemplate(log)] under log; prior registration was org.hibernate.query.sqm.function.PatternBasedSqmFunctionDescriptor@5d3b58ca
[DEBUG] 2026-02-22 13:42:01.407 [main] SqmFunctionRegistry - Registered SqmFunctionTemplate [NamedSqmFunctionTemplate(log2)] under log2; prior registration was null
[DEBUG] 2026-02-22 13:42:01.407 [main] SqmFunctionRegistry - Registered SqmFunctionTemplate [NamedSqmFunctionTemplate(log10)] under log10; prior registration was null
[DEBUG] 2026-02-22 13:42:01.407 [main] SqmFunctionRegistry - Registered SqmFunctionTemplate [NamedSqmFunctionTemplate(ltrim)] under ltrim; prior registration was null
[DEBUG] 2026-02-22 13:42:01.407 [main] SqmFunctionRegistry - Registered SqmFunctionTemplate [NamedSqmFunctionTemplate(rtrim)] under rtrim; prior registration was null
[DEBUG] 2026-02-22 13:42:01.407 [main] SqmFunctionRegistry - Registered SqmFunctionTemplate [NamedSqmFunctionTemplate(octet_length)] under octet_length; prior registration was null
[DEBUG] 2026-02-22 13:42:01.407 [main] SqmFunctionRegistry - Registered SqmFunctionTemplate [NamedSqmFunctionTemplate(reverse)] under reverse; prior registration was null
[DEBUG] 2026-02-22 13:42:01.408 [main] SqmFunctionRegistry - Registered SqmFunctionTemplate [NamedSqmFunctionTemplate(space)] under space; prior registration was null
[DEBUG] 2026-02-22 13:42:01.408 [main] SqmFunctionRegistry - Registered SqmFunctionTemplate [NamedSqmFunctionTemplate(repeat)] under repeat; prior registration was null
[DEBUG] 2026-02-22 13:42:01.408 [main] SqmFunctionRegistry - Registered SqmFunctionTemplate [org.hibernate.query.sqm.function.MultipatternSqmFunctionDescriptor@4cfa83f9] under lpad; prior registration was NamedSqmFunctionTemplate(lpad)
[DEBUG] 2026-02-22 13:42:01.409 [main] SqmFunctionRegistry - Registered SqmFunctionTemplate [org.hibernate.query.sqm.function.MultipatternSqmFunctionDescriptor@321ca237] under rpad; prior registration was NamedSqmFunctionTemplate(rpad)
[DEBUG] 2026-02-22 13:42:01.409 [main] SqmFunctionRegistry - Registered SqmFunctionTemplate [NamedSqmFunctionTemplate(md5)] under md5; prior registration was null
[DEBUG] 2026-02-22 13:42:01.409 [main] SqmFunctionRegistry - Registered SqmFunctionTemplate [NamedSqmFunctionTemplate(day)] under day; prior registration was null
[DEBUG] 2026-02-22 13:42:01.409 [main] SqmFunctionRegistry - Registered SqmFunctionTemplate [NamedSqmFunctionTemplate(month)] under month; prior registration was null
[DEBUG] 2026-02-22 13:42:01.409 [main] SqmFunctionRegistry - Registered SqmFunctionTemplate [NamedSqmFunctionTemplate(year)] under year; prior registration was null
[DEBUG] 2026-02-22 13:42:01.409 [main] SqmFunctionRegistry - Registered SqmFunctionTemplate [NamedSqmFunctionTemplate(hour)] under hour; prior registration was null
[DEBUG] 2026-02-22 13:42:01.409 [main] SqmFunctionRegistry - Registered SqmFunctionTemplate [NamedSqmFunctionTemplate(minute)] under minute; prior registration was null
[DEBUG] 2026-02-22 13:42:01.409 [main] SqmFunctionRegistry - Registered SqmFunctionTemplate [NamedSqmFunctionTemplate(second)] under second; prior registration was null
[DEBUG] 2026-02-22 13:42:01.409 [main] SqmFunctionRegistry - Registered SqmFunctionTemplate [NamedSqmFunctionTemplate(microsecond)] under microsecond; prior registration was null
[DEBUG] 2026-02-22 13:42:01.409 [main] SqmFunctionRegistry - Registered SqmFunctionTemplate [NamedSqmFunctionTemplate(dayofweek)] under dayofweek; prior registration was null
[DEBUG] 2026-02-22 13:42:01.409 [main] SqmFunctionRegistry - Registered SqmFunctionTemplate [NamedSqmFunctionTemplate(dayofmonth)] under dayofmonth; prior registration was null
[DEBUG] 2026-02-22 13:42:01.409 [main] SqmFunctionRegistry - Registering alternate key : day -> dayofmonth
[DEBUG] 2026-02-22 13:42:01.410 [main] SqmFunctionRegistry - Registered SqmFunctionTemplate [NamedSqmFunctionTemplate(dayofyear)] under dayofyear; prior registration was null
[DEBUG] 2026-02-22 13:42:01.410 [main] SqmFunctionRegistry - Registered SqmFunctionTemplate [NamedSqmFunctionTemplate(week)] under week; prior registration was null
[DEBUG] 2026-02-22 13:42:01.410 [main] SqmFunctionRegistry - Registered SqmFunctionTemplate [NamedSqmFunctionTemplate(quarter)] under quarter; prior registration was null
[DEBUG] 2026-02-22 13:42:01.410 [main] SqmFunctionRegistry - Registered SqmFunctionTemplate [NamedSqmFunctionTemplate(monthname)] under monthname; prior registration was null
[DEBUG] 2026-02-22 13:42:01.410 [main] SqmFunctionRegistry - Registered SqmFunctionTemplate [NamedSqmFunctionTemplate(dayname)] under dayname; prior registration was null
[DEBUG] 2026-02-22 13:42:01.410 [main] SqmFunctionRegistry - Registered SqmFunctionTemplate [NamedSqmFunctionTemplate(last_day)] under last_day; prior registration was null
[DEBUG] 2026-02-22 13:42:01.410 [main] SqmFunctionRegistry - Registered SqmFunctionTemplate [NamedSqmFunctionTemplate(date)] under date; prior registration was null
[DEBUG] 2026-02-22 13:42:01.410 [main] SqmFunctionRegistry - Registered SqmFunctionTemplate [NamedSqmFunctionTemplate(timestamp)] under timestamp; prior registration was null
[DEBUG] 2026-02-22 13:42:01.410 [main] SqmFunctionRegistry - Registered SqmFunctionTemplate [NamedSqmFunctionTemplate(time)] under time; prior registration was null
[DEBUG] 2026-02-22 13:42:01.411 [main] SqmFunctionRegistry - Registered SqmFunctionTemplate [NamedSqmFunctionTemplate(utc_date)] under utc_date; prior registration was null
[DEBUG] 2026-02-22 13:42:01.411 [main] SqmFunctionRegistry - Registered SqmFunctionTemplate [NamedSqmFunctionTemplate(utc_time)] under utc_time; prior registration was null
[DEBUG] 2026-02-22 13:42:01.411 [main] SqmFunctionRegistry - Registered SqmFunctionTemplate [NamedSqmFunctionTemplate(utc_timestamp)] under utc_timestamp; prior registration was null
[DEBUG] 2026-02-22 13:42:01.411 [main] SqmFunctionRegistry - Registered SqmFunctionTemplate [NamedSqmFunctionTemplate(rand)] under rand; prior registration was null
[DEBUG] 2026-02-22 13:42:01.411 [main] SqmFunctionRegistry - Registered SqmFunctionTemplate [NamedSqmFunctionTemplate(crc32)] under crc32; prior registration was null
[DEBUG] 2026-02-22 13:42:01.411 [main] SqmFunctionRegistry - Registered SqmFunctionTemplate [NamedSqmFunctionTemplate(sha1)] under sha1; prior registration was null
[DEBUG] 2026-02-22 13:42:01.411 [main] SqmFunctionRegistry - Registered SqmFunctionTemplate [NamedSqmFunctionTemplate(sha2)] under sha2; prior registration was null
[DEBUG] 2026-02-22 13:42:01.411 [main] SqmFunctionRegistry - Registered SqmFunctionTemplate [NamedSqmFunctionTemplate(sha)] under sha; prior registration was null
[DEBUG] 2026-02-22 13:42:01.411 [main] SqmFunctionRegistry - Registered SqmFunctionTemplate [NamedSqmFunctionTemplate(bit_length)] under bit_length; prior registration was null
[DEBUG] 2026-02-22 13:42:01.411 [main] SqmFunctionRegistry - Registered SqmFunctionTemplate [NamedSqmFunctionTemplate(octet_length)] under octet_length; prior registration was NamedSqmFunctionTemplate(octet_length)
[DEBUG] 2026-02-22 13:42:01.411 [main] SqmFunctionRegistry - Registered SqmFunctionTemplate [NamedSqmFunctionTemplate(ascii)] under ascii; prior registration was null
[DEBUG] 2026-02-22 13:42:01.411 [main] SqmFunctionRegistry - Registered SqmFunctionTemplate [NamedSqmFunctionTemplate(instr)] under instr; prior registration was null
[DEBUG] 2026-02-22 13:42:01.411 [main] SqmFunctionRegistry - Registered SqmFunctionTemplate [NamedSqmFunctionTemplate(substr)] under substr; prior registration was null
[DEBUG] 2026-02-22 13:42:01.412 [main] SqmFunctionRegistry - Registered SqmFunctionTemplate [org.hibernate.query.sqm.function.PatternBasedSqmFunctionDescriptor@4c5a2baf] under position; prior registration was org.hibernate.dialect.function.LocatePositionEmulation@5ad1904f
[DEBUG] 2026-02-22 13:42:01.412 [main] SqmFunctionRegistry - Registered SqmFunctionTemplate [NamedSqmFunctionTemplate(curtime)] under curtime; prior registration was null
[DEBUG] 2026-02-22 13:42:01.412 [main] SqmFunctionRegistry - Registered SqmFunctionTemplate [NamedSqmFunctionTemplate(curdate)] under curdate; prior registration was null
[DEBUG] 2026-02-22 13:42:01.412 [main] SqmFunctionRegistry - Registered SqmFunctionTemplate [NamedSqmFunctionTemplate(now)] under now; prior registration was null
[DEBUG] 2026-02-22 13:42:01.419 [main] SqmFunctionRegistry - Registered SqmFunctionTemplate [org.hibernate.dialect.function.TruncFunction@42d6c12d] under trunc; prior registration was null
[DEBUG] 2026-02-22 13:42:01.419 [main] SqmFunctionRegistry - Registering alternate key : truncate -> trunc
[DEBUG] 2026-02-22 13:42:01.419 [main] SqmFunctionRegistry - Registered SqmFunctionTemplate [NamedSqmFunctionTemplate(insert)] under insert; prior registration was null
[DEBUG] 2026-02-22 13:42:01.419 [main] SqmFunctionRegistry - Registered SqmFunctionTemplate [org.hibernate.query.sqm.function.PatternBasedSqmFunctionDescriptor@3b42121d] under bitand; prior registration was null
[DEBUG] 2026-02-22 13:42:01.419 [main] SqmFunctionRegistry - Registered SqmFunctionTemplate [org.hibernate.query.sqm.function.PatternBasedSqmFunctionDescriptor@7a2ab862] under bitor; prior registration was null
[DEBUG] 2026-02-22 13:42:01.422 [main] SqmFunctionRegistry - Registered SqmFunctionTemplate [org.hibernate.query.sqm.function.PatternBasedSqmFunctionDescriptor@33188612] under bitxor; prior registration was null
[DEBUG] 2026-02-22 13:42:01.423 [main] SqmFunctionRegistry - Registered SqmFunctionTemplate [org.hibernate.query.sqm.function.PatternBasedSqmFunctionDescriptor@4733f6f5] under bitnot; prior registration was null
[DEBUG] 2026-02-22 13:42:01.423 [main] SqmFunctionRegistry - Registered SqmFunctionTemplate [NamedSqmFunctionTemplate(bit_and)] under bit_and; prior registration was null
[DEBUG] 2026-02-22 13:42:01.423 [main] SqmFunctionRegistry - Registered SqmFunctionTemplate [NamedSqmFunctionTemplate(bit_or)] under bit_or; prior registration was null
[DEBUG] 2026-02-22 13:42:01.423 [main] SqmFunctionRegistry - Registered SqmFunctionTemplate [NamedSqmFunctionTemplate(stddev)] under stddev; prior registration was null
[DEBUG] 2026-02-22 13:42:01.423 [main] SqmFunctionRegistry - Registered SqmFunctionTemplate [NamedSqmFunctionTemplate(stddev_pop)] under stddev_pop; prior registration was null
[DEBUG] 2026-02-22 13:42:01.423 [main] SqmFunctionRegistry - Registered SqmFunctionTemplate [NamedSqmFunctionTemplate(stddev_samp)] under stddev_samp; prior registration was null
[DEBUG] 2026-02-22 13:42:01.423 [main] SqmFunctionRegistry - Registered SqmFunctionTemplate [NamedSqmFunctionTemplate(variance)] under variance; prior registration was null
[DEBUG] 2026-02-22 13:42:01.423 [main] SqmFunctionRegistry - Registered SqmFunctionTemplate [NamedSqmFunctionTemplate(var_pop)] under var_pop; prior registration was null
[DEBUG] 2026-02-22 13:42:01.423 [main] SqmFunctionRegistry - Registered SqmFunctionTemplate [NamedSqmFunctionTemplate(var_samp)] under var_samp; prior registration was null
[DEBUG] 2026-02-22 13:42:01.423 [main] SqmFunctionRegistry - Registered SqmFunctionTemplate [NamedSqmFunctionTemplate(datediff)] under datediff; prior registration was null
[DEBUG] 2026-02-22 13:42:01.423 [main] SqmFunctionRegistry - Registered SqmFunctionTemplate [NamedSqmFunctionTemplate(adddate)] under adddate; prior registration was null
[DEBUG] 2026-02-22 13:42:01.424 [main] SqmFunctionRegistry - Registered SqmFunctionTemplate [NamedSqmFunctionTemplate(subdate)] under subdate; prior registration was null
[DEBUG] 2026-02-22 13:42:01.424 [main] SqmFunctionRegistry - Registered SqmFunctionTemplate [NamedSqmFunctionTemplate(addtime)] under addtime; prior registration was null
[DEBUG] 2026-02-22 13:42:01.424 [main] SqmFunctionRegistry - Registered SqmFunctionTemplate [NamedSqmFunctionTemplate(subtime)] under subtime; prior registration was null
[DEBUG] 2026-02-22 13:42:01.424 [main] SqmFunctionRegistry - Registered SqmFunctionTemplate [org.hibernate.dialect.function.FormatFunction@6ccac6f4] under format; prior registration was org.hibernate.dialect.function.FormatFunction@580fd26b
[DEBUG] 2026-02-22 13:42:01.424 [main] SqmFunctionRegistry - Registered SqmFunctionTemplate [NamedSqmFunctionTemplate(makedate)] under makedate; prior registration was null
[DEBUG] 2026-02-22 13:42:01.424 [main] SqmFunctionRegistry - Registered SqmFunctionTemplate [NamedSqmFunctionTemplate(maketime)] under maketime; prior registration was null
[DEBUG] 2026-02-22 13:42:01.424 [main] SqmFunctionRegistry - Registered SqmFunctionTemplate [NamedSqmFunctionTemplate(localtime)] under localtime; prior registration was null
[DEBUG] 2026-02-22 13:42:01.424 [main] SqmFunctionRegistry - Registered SqmFunctionTemplate [NamedSqmFunctionTemplate(localtimestamp)] under localtimestamp; prior registration was null
[DEBUG] 2026-02-22 13:42:01.424 [main] SqmFunctionRegistry - Registered SqmFunctionTemplate [NamedSqmFunctionTemplate(localtime)] under local_time; prior registration was org.hibernate.dialect.function.CurrentFunction@23ed382c
[DEBUG] 2026-02-22 13:42:01.424 [main] SqmFunctionRegistry - Registered SqmFunctionTemplate [NamedSqmFunctionTemplate(localtimestamp)] under local_datetime; prior registration was org.hibernate.dialect.function.CurrentFunction@6bedd4e4
[DEBUG] 2026-02-22 13:42:01.424 [main] SqmFunctionRegistry - Registered SqmFunctionTemplate [NamedSqmFunctionTemplate(localtime)] under localtime; prior registration was NamedSqmFunctionTemplate(localtime)
[DEBUG] 2026-02-22 13:42:01.425 [main] SqmFunctionRegistry - Registered SqmFunctionTemplate [org.hibernate.query.sqm.function.PatternBasedSqmFunctionDescriptor@438c9aa7] under pi; prior registration was org.hibernate.query.sqm.function.PatternBasedSqmFunctionDescriptor@69909c14
[DEBUG] 2026-02-22 13:42:01.425 [main] SqmFunctionRegistry - Registered SqmFunctionTemplate [org.hibernate.query.sqm.function.PatternBasedSqmFunctionDescriptor@3453acd2] under chr; prior registration was null
[DEBUG] 2026-02-22 13:42:01.425 [main] SqmFunctionRegistry - Registering alternate key : char -> chr
[DEBUG] 2026-02-22 13:42:01.425 [main] SqmFunctionRegistry - Registered SqmFunctionTemplate [org.hibernate.query.sqm.function.PatternBasedSqmFunctionDescriptor@6c8f60f3] under sysdate; prior registration was null
[DEBUG] 2026-02-22 13:42:01.425 [main] SqmFunctionRegistry - Registered SqmFunctionTemplate [NamedSqmFunctionTemplate(row_number)] under row_number; prior registration was null
[DEBUG] 2026-02-22 13:42:01.425 [main] SqmFunctionRegistry - Registered SqmFunctionTemplate [NamedSqmFunctionTemplate(lag)] under lag; prior registration was null
[DEBUG] 2026-02-22 13:42:01.425 [main] SqmFunctionRegistry - Registered SqmFunctionTemplate [NamedSqmFunctionTemplate(lead)] under lead; prior registration was null
[DEBUG] 2026-02-22 13:42:01.426 [main] SqmFunctionRegistry - Registered SqmFunctionTemplate [NamedSqmFunctionTemplate(first_value)] under first_value; prior registration was null
[DEBUG] 2026-02-22 13:42:01.426 [main] SqmFunctionRegistry - Registered SqmFunctionTemplate [NamedSqmFunctionTemplate(last_value)] under last_value; prior registration was null
[DEBUG] 2026-02-22 13:42:01.426 [main] SqmFunctionRegistry - Registered SqmFunctionTemplate [NamedSqmFunctionTemplate(nth_value)] under nth_value; prior registration was null
[DEBUG] 2026-02-22 13:42:01.429 [main] SqmFunctionRegistry - Registered SqmFunctionTemplate [org.hibernate.dialect.function.HypotheticalSetWindowEmulation@415ef4d8] under rank; prior registration was null
[DEBUG] 2026-02-22 13:42:01.429 [main] SqmFunctionRegistry - Registered SqmFunctionTemplate [org.hibernate.dialect.function.HypotheticalSetWindowEmulation@56cc9f29] under dense_rank; prior registration was null
[DEBUG] 2026-02-22 13:42:01.429 [main] SqmFunctionRegistry - Registered SqmFunctionTemplate [org.hibernate.dialect.function.HypotheticalSetWindowEmulation@535b1ae6] under percent_rank; prior registration was null
[DEBUG] 2026-02-22 13:42:01.429 [main] SqmFunctionRegistry - Registered SqmFunctionTemplate [org.hibernate.dialect.function.HypotheticalSetWindowEmulation@626c19cf] under cume_dist; prior registration was null
[DEBUG] 2026-02-22 13:42:01.430 [main] SqmFunctionRegistry - Registered SqmFunctionTemplate [org.hibernate.dialect.function.ListaggGroupConcatEmulation@6f825516] under listagg; prior registration was null
[DEBUG] 2026-02-22 13:42:01.435 [main] HQL_FUNCTIONS - abs(NUMERIC arg)
[DEBUG] 2026-02-22 13:42:01.435 [main] HQL_FUNCTIONS - Double acos(NUMERIC arg)
[DEBUG] 2026-02-22 13:42:01.435 [main] HQL_FUNCTIONS - adddate(DATE datetime, INTEGER days)
[DEBUG] 2026-02-22 13:42:01.435 [main] HQL_FUNCTIONS - addtime(TIME datetime, TIME time)
[DEBUG] 2026-02-22 13:42:01.435 [main] HQL_FUNCTIONS - Boolean any(BOOLEAN arg)
[DEBUG] 2026-02-22 13:42:01.435 [main] HQL_FUNCTIONS - Integer ascii(STRING arg)
[DEBUG] 2026-02-22 13:42:01.435 [main] HQL_FUNCTIONS - Double asin(NUMERIC arg)
[DEBUG] 2026-02-22 13:42:01.435 [main] HQL_FUNCTIONS - Double atan(NUMERIC arg)
[DEBUG] 2026-02-22 13:42:01.436 [main] HQL_FUNCTIONS - Double atan2(NUMERIC arg0, NUMERIC arg1)
[DEBUG] 2026-02-22 13:42:01.436 [main] HQL_FUNCTIONS - avg(arg)
[DEBUG] 2026-02-22 13:42:01.436 [main] HQL_FUNCTIONS - bit_and(arg)
[DEBUG] 2026-02-22 13:42:01.436 [main] HQL_FUNCTIONS - Integer bit_length(STRING_OR_CLOB arg)
[DEBUG] 2026-02-22 13:42:01.436 [main] HQL_FUNCTIONS - bit_or(arg)
[DEBUG] 2026-02-22 13:42:01.436 [main] HQL_FUNCTIONS - bitand(arg0, arg1)
[DEBUG] 2026-02-22 13:42:01.436 [main] HQL_FUNCTIONS - bitnot(arg)
[DEBUG] 2026-02-22 13:42:01.436 [main] HQL_FUNCTIONS - bitor(arg0, arg1)
[DEBUG] 2026-02-22 13:42:01.436 [main] HQL_FUNCTIONS - bitxor(arg0, arg1)
[DEBUG] 2026-02-22 13:42:01.436 [main] HQL_FUNCTIONS - cast(arg as Type)
[DEBUG] 2026-02-22 13:42:01.436 [main] HQL_FUNCTIONS - ceiling(NUMERIC arg)
[DEBUG] 2026-02-22 13:42:01.436 [main] HQL_FUNCTIONS - Character char(INTEGER arg)
[DEBUG] 2026-02-22 13:42:01.436 [main] HQL_FUNCTIONS - Integer character_length(STRING_OR_CLOB arg)
[DEBUG] 2026-02-22 13:42:01.436 [main] HQL_FUNCTIONS - Character chr(INTEGER arg)
[DEBUG] 2026-02-22 13:42:01.437 [main] HQL_FUNCTIONS - coalesce(arg0[, arg1[, ...]])
[DEBUG] 2026-02-22 13:42:01.437 [main] HQL_FUNCTIONS - String collate(STRING string as COLLATION collation)
[DEBUG] 2026-02-22 13:42:01.437 [main] HQL_FUNCTIONS - String concat(STRING string0[, STRING string1[, ...]])
[DEBUG] 2026-02-22 13:42:01.437 [main] HQL_FUNCTIONS - Double cos(NUMERIC arg)
[DEBUG] 2026-02-22 13:42:01.437 [main] HQL_FUNCTIONS - Double cosh(NUMERIC arg)
[DEBUG] 2026-02-22 13:42:01.437 [main] HQL_FUNCTIONS - Double cot(NUMERIC arg)
[DEBUG] 2026-02-22 13:42:01.437 [main] HQL_FUNCTIONS - Long count([distinct ]{arg|*})
[DEBUG] 2026-02-22 13:42:01.437 [main] HQL_FUNCTIONS - Integer crc32(arg)
[DEBUG] 2026-02-22 13:42:01.437 [main] HQL_FUNCTIONS - Double cume_dist([arg0[, ...]])
[DEBUG] 2026-02-22 13:42:01.437 [main] HQL_FUNCTIONS - Date curdate()
[DEBUG] 2026-02-22 13:42:01.437 [main] HQL_FUNCTIONS - Date current date
[DEBUG] 2026-02-22 13:42:01.437 [main] HQL_FUNCTIONS - Time current time
[DEBUG] 2026-02-22 13:42:01.437 [main] HQL_FUNCTIONS - Timestamp current timestamp
[DEBUG] 2026-02-22 13:42:01.437 [main] HQL_FUNCTIONS - Date current_date
[DEBUG] 2026-02-22 13:42:01.437 [main] HQL_FUNCTIONS - Instant current_instant
[DEBUG] 2026-02-22 13:42:01.437 [main] HQL_FUNCTIONS - Time current_time
[DEBUG] 2026-02-22 13:42:01.437 [main] HQL_FUNCTIONS - Timestamp current_timestamp
[DEBUG] 2026-02-22 13:42:01.437 [main] HQL_FUNCTIONS - Time curtime()
[DEBUG] 2026-02-22 13:42:01.437 [main] HQL_FUNCTIONS - Date date(arg)
[DEBUG] 2026-02-22 13:42:01.437 [main] HQL_FUNCTIONS - dateadd(TEMPORAL_UNIT field, INTEGER magnitude, TEMPORAL datetime)
[DEBUG] 2026-02-22 13:42:01.437 [main] HQL_FUNCTIONS - Integer datediff(DATE end, DATE start)
[DEBUG] 2026-02-22 13:42:01.438 [main] HQL_FUNCTIONS - Integer day(DATE arg)
[DEBUG] 2026-02-22 13:42:01.438 [main] HQL_FUNCTIONS - String dayname(DATE arg)
[DEBUG] 2026-02-22 13:42:01.438 [main] HQL_FUNCTIONS - Integer dayofmonth(DATE arg)
[DEBUG] 2026-02-22 13:42:01.438 [main] HQL_FUNCTIONS - Integer dayofweek(DATE arg)
[DEBUG] 2026-02-22 13:42:01.438 [main] HQL_FUNCTIONS - Integer dayofyear(DATE arg)
[DEBUG] 2026-02-22 13:42:01.438 [main] HQL_FUNCTIONS - Double degrees(NUMERIC arg)
[DEBUG] 2026-02-22 13:42:01.438 [main] HQL_FUNCTIONS - Long dense_rank([arg0[, ...]])
[DEBUG] 2026-02-22 13:42:01.438 [main] HQL_FUNCTIONS - Boolean every(BOOLEAN arg)
[DEBUG] 2026-02-22 13:42:01.438 [main] HQL_FUNCTIONS - Double exp(NUMERIC arg)
[DEBUG] 2026-02-22 13:42:01.438 [main] HQL_FUNCTIONS - extract(TEMPORAL_UNIT field from TEMPORAL arg)
[DEBUG] 2026-02-22 13:42:01.438 [main] HQL_FUNCTIONS - first_valueANY value
[DEBUG] 2026-02-22 13:42:01.438 [main] HQL_FUNCTIONS - floor(NUMERIC arg)
[DEBUG] 2026-02-22 13:42:01.438 [main] HQL_FUNCTIONS - String format(TEMPORAL datetime as STRING pattern)
[DEBUG] 2026-02-22 13:42:01.438 [main] HQL_FUNCTIONS - greatest(COMPARABLE arg0, COMPARABLE arg1[, arg2[, ...]])
[DEBUG] 2026-02-22 13:42:01.438 [main] HQL_FUNCTIONS - Integer hour(TIME arg)
[DEBUG] 2026-02-22 13:42:01.438 [main] HQL_FUNCTIONS - ifnull(arg0, arg1)
[DEBUG] 2026-02-22 13:42:01.438 [main] HQL_FUNCTIONS - String insert(STRING string, INTEGER start, INTEGER length, STRING replacement)
[DEBUG] 2026-02-22 13:42:01.438 [main] HQL_FUNCTIONS - Instant instant
[DEBUG] 2026-02-22 13:42:01.438 [main] HQL_FUNCTIONS - Integer instr(STRING string, STRING pattern[, INTEGER start[, INTEGER occurrence]])
[DEBUG] 2026-02-22 13:42:01.438 [main] HQL_FUNCTIONS - lagANY value[, INTEGER offset[, ANY default]]
[DEBUG] 2026-02-22 13:42:01.439 [main] HQL_FUNCTIONS - Date last_day(DATE arg)
[DEBUG] 2026-02-22 13:42:01.439 [main] HQL_FUNCTIONS - last_valueANY value
[DEBUG] 2026-02-22 13:42:01.439 [main] HQL_FUNCTIONS - leadANY value[, INTEGER offset[, ANY default]]
[DEBUG] 2026-02-22 13:42:01.439 [main] HQL_FUNCTIONS - least(COMPARABLE arg0, COMPARABLE arg1[, arg2[, ...]])
[DEBUG] 2026-02-22 13:42:01.439 [main] HQL_FUNCTIONS - String left(STRING string, INTEGER length)
[DEBUG] 2026-02-22 13:42:01.439 [main] HQL_FUNCTIONS - Integer length(STRING_OR_CLOB arg)
[DEBUG] 2026-02-22 13:42:01.439 [main] HQL_FUNCTIONS - String listagg(STRING arg0, STRING arg1)
[DEBUG] 2026-02-22 13:42:01.439 [main] HQL_FUNCTIONS - Double ln(NUMERIC arg)
[DEBUG] 2026-02-22 13:42:01.439 [main] HQL_FUNCTIONS - LocalDate local date
[DEBUG] 2026-02-22 13:42:01.439 [main] HQL_FUNCTIONS - LocalDateTime local datetime
[DEBUG] 2026-02-22 13:42:01.439 [main] HQL_FUNCTIONS - LocalTime local time
[DEBUG] 2026-02-22 13:42:01.439 [main] HQL_FUNCTIONS - LocalDate local_date
[DEBUG] 2026-02-22 13:42:01.439 [main] HQL_FUNCTIONS - LocalDateTime local_datetime
[DEBUG] 2026-02-22 13:42:01.439 [main] HQL_FUNCTIONS - LocalTime local_time
[DEBUG] 2026-02-22 13:42:01.439 [main] HQL_FUNCTIONS - Timestamp localtime
[DEBUG] 2026-02-22 13:42:01.439 [main] HQL_FUNCTIONS - Timestamp localtimestamp
[DEBUG] 2026-02-22 13:42:01.439 [main] HQL_FUNCTIONS - Integer locate(STRING pattern, STRING string[, INTEGER start])
[DEBUG] 2026-02-22 13:42:01.439 [main] HQL_FUNCTIONS - Double log(NUMERIC arg0[, NUMERIC arg1])
[DEBUG] 2026-02-22 13:42:01.439 [main] HQL_FUNCTIONS - Double log10(NUMERIC arg)
[DEBUG] 2026-02-22 13:42:01.440 [main] HQL_FUNCTIONS - Double log2(NUMERIC arg)
[DEBUG] 2026-02-22 13:42:01.440 [main] HQL_FUNCTIONS - String lower(STRING string)
[DEBUG] 2026-02-22 13:42:01.440 [main] HQL_FUNCTIONS - String lpad(string, length[, padding])
[DEBUG] 2026-02-22 13:42:01.440 [main] HQL_FUNCTIONS - String ltrim(STRING string[, STRING characters])
[DEBUG] 2026-02-22 13:42:01.440 [main] HQL_FUNCTIONS - Date makedate(INTEGER year, INTEGER dayofyear)
[DEBUG] 2026-02-22 13:42:01.440 [main] HQL_FUNCTIONS - Time maketime(INTEGER hour, INTEGER min, INTEGER sec)
[DEBUG] 2026-02-22 13:42:01.440 [main] HQL_FUNCTIONS - max(COMPARABLE arg)
[DEBUG] 2026-02-22 13:42:01.440 [main] HQL_FUNCTIONS - String md5(arg)
[DEBUG] 2026-02-22 13:42:01.440 [main] HQL_FUNCTIONS - Integer microsecond(TIME arg)
[DEBUG] 2026-02-22 13:42:01.440 [main] HQL_FUNCTIONS - min(COMPARABLE arg)
[DEBUG] 2026-02-22 13:42:01.440 [main] HQL_FUNCTIONS - Integer minute(TIME arg)
[DEBUG] 2026-02-22 13:42:01.440 [main] HQL_FUNCTIONS - Integer mod(INTEGER arg0, INTEGER arg1)
[DEBUG] 2026-02-22 13:42:01.440 [main] HQL_FUNCTIONS - Integer month(DATE arg)
[DEBUG] 2026-02-22 13:42:01.440 [main] HQL_FUNCTIONS - String monthname(DATE arg)
[DEBUG] 2026-02-22 13:42:01.440 [main] HQL_FUNCTIONS - Timestamp now()
[DEBUG] 2026-02-22 13:42:01.441 [main] HQL_FUNCTIONS - nth_valueANY value, INTEGER nth
[DEBUG] 2026-02-22 13:42:01.441 [main] HQL_FUNCTIONS - nullif(arg0, arg1)
[DEBUG] 2026-02-22 13:42:01.441 [main] HQL_FUNCTIONS - Integer octet_length(STRING_OR_CLOB arg)
[DEBUG] 2026-02-22 13:42:01.442 [main] HQL_FUNCTIONS - OffsetDateTime offset datetime
[DEBUG] 2026-02-22 13:42:01.442 [main] HQL_FUNCTIONS - OffsetDateTime offset_datetime
[DEBUG] 2026-02-22 13:42:01.442 [main] HQL_FUNCTIONS - String overlay(STRING string placing STRING replacement from INTEGER start[ for INTEGER length])
[DEBUG] 2026-02-22 13:42:01.442 [main] HQL_FUNCTIONS - String pad(STRING string with INTEGER length {leading|trailing}[ STRING character])
[DEBUG] 2026-02-22 13:42:01.442 [main] HQL_FUNCTIONS - Double percent_rank([arg0[, ...]])
[DEBUG] 2026-02-22 13:42:01.442 [main] HQL_FUNCTIONS - Double pi
[DEBUG] 2026-02-22 13:42:01.442 [main] HQL_FUNCTIONS - Integer position(STRING pattern in STRING string)
[DEBUG] 2026-02-22 13:42:01.442 [main] HQL_FUNCTIONS - Double power(NUMERIC arg0, NUMERIC arg1)
[DEBUG] 2026-02-22 13:42:01.442 [main] HQL_FUNCTIONS - Integer quarter(DATE arg)
[DEBUG] 2026-02-22 13:42:01.442 [main] HQL_FUNCTIONS - Double radians(NUMERIC arg)
[DEBUG] 2026-02-22 13:42:01.442 [main] HQL_FUNCTIONS - Double rand([INTEGER seed])
[DEBUG] 2026-02-22 13:42:01.442 [main] HQL_FUNCTIONS - Long rank([arg0[, ...]])
[DEBUG] 2026-02-22 13:42:01.442 [main] HQL_FUNCTIONS - String repeat(STRING string, INTEGER times)
[DEBUG] 2026-02-22 13:42:01.442 [main] HQL_FUNCTIONS - String replace(STRING string, STRING pattern, STRING replacement)
[DEBUG] 2026-02-22 13:42:01.442 [main] HQL_FUNCTIONS - String reverse(STRING arg)
[DEBUG] 2026-02-22 13:42:01.442 [main] HQL_FUNCTIONS - String right(STRING string, INTEGER length)
[DEBUG] 2026-02-22 13:42:01.442 [main] HQL_FUNCTIONS - round(NUMERIC number[, INTEGER places])
[DEBUG] 2026-02-22 13:42:01.442 [main] HQL_FUNCTIONS - Long row_number()
[DEBUG] 2026-02-22 13:42:01.442 [main] HQL_FUNCTIONS - String rpad(string, length[, padding])
[DEBUG] 2026-02-22 13:42:01.443 [main] HQL_FUNCTIONS - String rtrim(STRING string[, STRING characters])
[DEBUG] 2026-02-22 13:42:01.443 [main] HQL_FUNCTIONS - Integer second(TIME arg)
[DEBUG] 2026-02-22 13:42:01.443 [main] HQL_FUNCTIONS - String sha(arg)
[DEBUG] 2026-02-22 13:42:01.443 [main] HQL_FUNCTIONS - String sha1(arg)
[DEBUG] 2026-02-22 13:42:01.443 [main] HQL_FUNCTIONS - String sha2(arg0, arg1)
[DEBUG] 2026-02-22 13:42:01.443 [main] HQL_FUNCTIONS - Integer sign(NUMERIC arg)
[DEBUG] 2026-02-22 13:42:01.443 [main] HQL_FUNCTIONS - Double sin(NUMERIC arg)
[DEBUG] 2026-02-22 13:42:01.443 [main] HQL_FUNCTIONS - Double sinh(NUMERIC arg)
[DEBUG] 2026-02-22 13:42:01.443 [main] HQL_FUNCTIONS - String soundex(arg)
[DEBUG] 2026-02-22 13:42:01.443 [main] HQL_FUNCTIONS - String space(INTEGER arg)
[DEBUG] 2026-02-22 13:42:01.443 [main] HQL_FUNCTIONS - Object sql
[DEBUG] 2026-02-22 13:42:01.443 [main] HQL_FUNCTIONS - Double sqrt(NUMERIC arg)
[DEBUG] 2026-02-22 13:42:01.443 [main] HQL_FUNCTIONS - Double stddev(NUMERIC arg)
[DEBUG] 2026-02-22 13:42:01.443 [main] HQL_FUNCTIONS - Double stddev_pop(NUMERIC arg)
[DEBUG] 2026-02-22 13:42:01.443 [main] HQL_FUNCTIONS - Double stddev_samp(NUMERIC arg)
[DEBUG] 2026-02-22 13:42:01.443 [main] HQL_FUNCTIONS - String str(arg)
[DEBUG] 2026-02-22 13:42:01.443 [main] HQL_FUNCTIONS - subdate(DATE datetime, INTEGER days)
[DEBUG] 2026-02-22 13:42:01.443 [main] HQL_FUNCTIONS - String substr(STRING string, INTEGER start[, INTEGER length])
[DEBUG] 2026-02-22 13:42:01.443 [main] HQL_FUNCTIONS - String substring(STRING string{ from|,} INTEGER start[{ for|,} INTEGER length])
[DEBUG] 2026-02-22 13:42:01.443 [main] HQL_FUNCTIONS - subtime(TIME datetime, TIME time)
[DEBUG] 2026-02-22 13:42:01.444 [main] HQL_FUNCTIONS - sum(arg)
[DEBUG] 2026-02-22 13:42:01.444 [main] HQL_FUNCTIONS - Timestamp sysdate()
[DEBUG] 2026-02-22 13:42:01.444 [main] HQL_FUNCTIONS - Double tan(NUMERIC arg)
[DEBUG] 2026-02-22 13:42:01.444 [main] HQL_FUNCTIONS - Double tanh(NUMERIC arg)
[DEBUG] 2026-02-22 13:42:01.444 [main] HQL_FUNCTIONS - String time(arg)
[DEBUG] 2026-02-22 13:42:01.444 [main] HQL_FUNCTIONS - Timestamp timestamp(arg0[, arg1])
[DEBUG] 2026-02-22 13:42:01.444 [main] HQL_FUNCTIONS - timestampadd(TEMPORAL_UNIT field, INTEGER magnitude, TEMPORAL datetime)
[DEBUG] 2026-02-22 13:42:01.444 [main] HQL_FUNCTIONS - basicType@14(java.lang.Long,-5)|basicType@17(java.lang.Double,8) timestampdiff(TEMPORAL_UNIT field, TEMPORAL start, TEMPORAL end)
[DEBUG] 2026-02-22 13:42:01.444 [main] HQL_FUNCTIONS - String trim([[{leading|trailing|both} ][STRING arg0 ]from] STRING arg1)
[DEBUG] 2026-02-22 13:42:01.444 [main] HQL_FUNCTIONS - trunc( ... )
[DEBUG] 2026-02-22 13:42:01.444 [main] HQL_FUNCTIONS - truncate( ... )
[DEBUG] 2026-02-22 13:42:01.445 [main] HQL_FUNCTIONS - String upper(STRING string)
[DEBUG] 2026-02-22 13:42:01.445 [main] HQL_FUNCTIONS - Date utc_date
[DEBUG] 2026-02-22 13:42:01.445 [main] HQL_FUNCTIONS - Time utc_time
[DEBUG] 2026-02-22 13:42:01.445 [main] HQL_FUNCTIONS - Timestamp utc_timestamp
[DEBUG] 2026-02-22 13:42:01.445 [main] HQL_FUNCTIONS - Double var_pop(NUMERIC arg)
[DEBUG] 2026-02-22 13:42:01.445 [main] HQL_FUNCTIONS - Double var_samp(NUMERIC arg)
[DEBUG] 2026-02-22 13:42:01.445 [main] HQL_FUNCTIONS - Double variance(NUMERIC arg)
[DEBUG] 2026-02-22 13:42:01.445 [main] HQL_FUNCTIONS - Integer week(DATE arg)
[DEBUG] 2026-02-22 13:42:01.445 [main] HQL_FUNCTIONS - Integer year(DATE arg)
[DEBUG] 2026-02-22 13:42:01.456 [main] cache - Starting QueryInterpretationCache(2048)
[DEBUG] 2026-02-22 13:42:01.648 [main] SessionFactoryServiceRegistryImpl - EventListenerRegistry access via ServiceRegistry is deprecated.  Use `sessionFactory.getEventEngine().getListenerRegistry()` instead
[DEBUG] 2026-02-22 13:42:01.651 [main] EntityCopyObserverFactoryInitiator - Configured EntityCopyObserver strategy: disallow
[DEBUG] 2026-02-22 13:42:01.848 [main] ClassLoaderAccessImpl - Not known whether passed class name [edu.matc.inventory.entity.ArmorType] is safe
[DEBUG] 2026-02-22 13:42:01.848 [main] ClassLoaderAccessImpl - No temp ClassLoader provided; using live ClassLoader for loading potentially unsafe class : edu.matc.inventory.entity.ArmorType
[DEBUG] 2026-02-22 13:42:02.280 [main] BytecodeProviderImpl - HHH000513: Unable to create the ReflectionOptimizer for [edu.matc.inventory.entity.ArmorType]: private accessor [typeName]
[DEBUG] 2026-02-22 13:42:02.369 [main] creation - Starting post-init callbacks
[DEBUG] 2026-02-22 13:42:02.369 [main] creation - Starting PostInitCallbackEntry : Entity(edu.matc.inventory.entity.ArmorType) `staticFetchableList` generator
[DEBUG] 2026-02-22 13:42:02.538 [main] create - Created new SQL alias : at1_0
[DEBUG] 2026-02-22 13:42:02.544 [main] create - Registration of TableGroup [StandardTableGroup(edu.matc.inventory.entity.ArmorType)] with identifierForTableGroup [edu.matc.inventory.entity.ArmorType] for NavigablePath [edu.matc.inventory.entity.ArmorType] 
[DEBUG] 2026-02-22 13:42:02.577 [main] AST - DomainResult Graph:
 \-EntityResultImpl [edu.matc.inventory.entity.ArmorType]
 |  \-BasicFetch [edu.matc.inventory.entity.ArmorType.typeName]

[DEBUG] 2026-02-22 13:42:02.589 [main] tree - SQL AST Tree:
    SelectStatement {
      FromClause {
        StandardTableGroup (at1 : edu.matc.inventory.entity.ArmorType) {
          primaryTableReference : armor_type as at1_0
        }
      }
    }

[DEBUG] 2026-02-22 13:42:02.609 [main] AbstractEntityPersister - Static SQL for entity: edu.matc.inventory.entity.ArmorType
[DEBUG] 2026-02-22 13:42:02.609 [main] AbstractEntityPersister -  Version select: select armor_type_id from armor_type where armor_type_id=?
[DEBUG] 2026-02-22 13:42:02.609 [main] AbstractEntityPersister -  Insert (0): insert into armor_type (type_name) values (?)
[DEBUG] 2026-02-22 13:42:02.609 [main] AbstractEntityPersister -  Update (0): update armor_type set type_name=? where armor_type_id=?
[DEBUG] 2026-02-22 13:42:02.610 [main] AbstractEntityPersister -  Delete (0): delete from armor_type where armor_type_id=?
[DEBUG] 2026-02-22 13:42:02.672 [main] JtaPlatformInitiator - No JtaPlatform was specified, checking resolver
[DEBUG] 2026-02-22 13:42:02.673 [main] JtaPlatformResolverInitiator - No JtaPlatformResolver was specified, using default [org.hibernate.engine.transaction.jta.platform.internal.StandardJtaPlatformResolver]
[DEBUG] 2026-02-22 13:42:02.692 [main] StandardJtaPlatformResolver - Could not resolve JtaPlatform, using default [org.hibernate.engine.transaction.jta.platform.internal.NoJtaPlatform]
[INFO ] 2026-02-22 13:42:02.692 [main] JtaPlatformInitiator - HHH000489: No JTA platform available (set 'hibernate.transaction.jta.platform' to enable JTA platform integration)
[DEBUG] 2026-02-22 13:42:02.695 [main] TypeConfiguration$Scope - Scoping TypeConfiguration [org.hibernate.type.spi.TypeConfiguration@71d8cfe7] to SessionFactoryImplementor [org.hibernate.internal.SessionFactoryImpl@5a7b6b75]
[DEBUG] 2026-02-22 13:42:02.697 [main] NamedObjectRepository - Checking 0 named HQL queries
[DEBUG] 2026-02-22 13:42:02.697 [main] NamedObjectRepository - Checking 0 named SQL queries
[DEBUG] 2026-02-22 13:42:02.698 [main] SchemaManagementToolCoordinator - No schema actions specified for contributor `orm`; doing nothing
[DEBUG] 2026-02-22 13:42:02.698 [main] SchemaManagementToolCoordinator - No actions found; doing nothing
[DEBUG] 2026-02-22 13:42:02.704 [main] SessionFactoryRegistry - Initializing SessionFactoryRegistry : org.hibernate.internal.SessionFactoryRegistry@13ca16bf
[DEBUG] 2026-02-22 13:42:02.705 [main] SessionFactoryRegistry - Registering SessionFactory: 6c361f97-0ef5-4ab2-8b8d-7833a2cc5ce1 (<unnamed>)
[DEBUG] 2026-02-22 13:42:02.705 [main] SessionFactoryRegistry - Not binding SessionFactory to JNDI, no JNDI name configured
[DEBUG] 2026-02-22 13:42:02.705 [main] SessionFactoryImpl - Instantiated SessionFactory
[DEBUG] 2026-02-22 13:42:02.787 [main] StatisticsInitiator - Statistics initialized [enabled=false]
[DEBUG] 2026-02-22 13:42:02.797 [main] TransactionImpl - On TransactionImpl creation, JpaCompliance#isJpaTransactionComplianceEnabled == false
[DEBUG] 2026-02-22 13:42:02.797 [main] TransactionImpl - begin
[DEBUG] 2026-02-22 13:42:02.817 [main] ActionQueue - Executing identity-insert immediately
[DEBUG] 2026-02-22 13:42:02.836 [main] SQL - insert into armor_type (type_name) values (?)
[DEBUG] 2026-02-22 13:42:02.921 [main] IdentifierGeneratorHelper - Natively generated identity (edu.matc.inventory.entity.ArmorType) : 19
[DEBUG] 2026-02-22 13:42:02.922 [main] ResourceRegistryStandardImpl - HHH000387: ResultSet's statement was not registered
[DEBUG] 2026-02-22 13:42:02.933 [main] ResourceRegistryStandardImpl - Exception clearing maxRows/queryTimeout [You can't operate on a closed Statement!!!]
[DEBUG] 2026-02-22 13:42:02.939 [main] TransactionImpl - committing
[DEBUG] 2026-02-22 13:42:02.940 [main] AbstractFlushingEventListener - Processing flush-time cascades
[DEBUG] 2026-02-22 13:42:02.942 [main] AbstractFlushingEventListener - Dirty checking collections
[DEBUG] 2026-02-22 13:42:02.950 [main] AbstractFlushingEventListener - Flushed: 0 insertions, 0 updates, 0 deletions to 1 objects
[DEBUG] 2026-02-22 13:42:02.950 [main] AbstractFlushingEventListener - Flushed: 0 (re)creations, 0 updates, 0 removals to 0 collections
[DEBUG] 2026-02-22 13:42:02.952 [main] EntityPrinter - Listing entities:
[DEBUG] 2026-02-22 13:42:02.953 [main] EntityPrinter - edu.matc.inventory.entity.ArmorType{typeName=Leather, id=19}
[DEBUG] 2026-02-22 13:42:02.977 [main] LogicalConnectionManagedImpl - Initiating JDBC connection release from afterTransaction
[DEBUG] 2026-02-22 13:42:02.978 [main] LogicalConnectionManagedImpl - Initiating JDBC connection release from afterTransaction
[DEBUG] 2026-02-22 13:42:03.022 [main] exec - Skipping reading Query result cache data: cache-enabled = false, cache-mode = IGNORE
[DEBUG] 2026-02-22 13:42:03.047 [main] results - Initializer list:
	  edu.matc.inventory.entity.ArmorType -> EntityResultInitializer(edu.matc.inventory.entity.ArmorType)@594043354 (SingleTableEntityPersister(edu.matc.inventory.entity.ArmorType))

[DEBUG] 2026-02-22 13:42:03.055 [main] SQL - select at1_0.armor_type_id,at1_0.type_name from armor_type at1_0 where at1_0.armor_type_id=?
[DEBUG] 2026-02-22 13:42:03.062 [main] entity - (EntityResultInitializer) Hydrated EntityKey (edu.matc.inventory.entity.ArmorType): 19
[DEBUG] 2026-02-22 13:42:03.064 [main] entity - (EntityResultInitializer) Created new entity instance [edu.matc.inventory.entity.ArmorType#19] : 864469510
[DEBUG] 2026-02-22 13:42:03.065 [main] results - Extracted JDBC value [1] - [Leather]
[DEBUG] 2026-02-22 13:42:03.065 [main] entity - (EntityResultInitializer) Done materializing entityInstance : edu.matc.inventory.entity.ArmorType#19
[DEBUG] 2026-02-22 13:42:03.065 [main] loading - Calling top-level assembler (0 / 1) : org.hibernate.sql.results.graph.entity.internal.EntityAssembler@d504137
[DEBUG] 2026-02-22 13:42:03.067 [main] LogicalConnectionManagedImpl - Initiating JDBC connection release from afterTransaction
